"KeyBindings"
{
	"Name"		"ARROW"
	"Version"		"12"
	"AlgorithmicUpdateVersion"		"6"
	"UseHeroBindings"		"0"
	"LinkPlayerToSpectator"		"0"
	"Keys"
	{
		"CameraUp"
		{
			"Key"		"UPARROW"
		}
		"CameraDown"
		{
			"Key"		"DOWNARROW"
		}
		"CameraLeft"
		{
			"Key"		"LEFTARROW"
		}
		"CameraRight"
		{
			"Key"		"RIGHTARROW"
		}
		"CameraGrip"
		{
			"Key"		"MOUSE3"
		}
		"CameraZoomIn"
		{
			"Key"		"MWHEELUP"
		}
		"CameraZoomOut"
		{
			"Key"		"MWHEELDOWN"
		}
		"ScoreboardToggle"
		{
			"Key"		"`"
		}
		"ActivateGlyph"
		{
			"Key"		"J"
		}
		"ActivateRadar"
		{
			"Key"		"P"
		}
		"ChatTeam"
		{
			"Key"		"ENTER"
		}
		"ChatTeam2"
		{
			"Key"		"KP_ENTER"
		}
		"ChatVoiceTeam"
		{
			"Key"		"MOUSE5"
			"Mode"		"0"
		}
		"ChatWheel"
		{
			"Key"		"Y"
		}
		"HeroChatWheel"
		{
			"Key"		"K"
		}
		"HeroAttack"
		{
			"Key"		"A"
		}
		"HeroMove"
		{
			"Mode"		"0"
			"Key"		"MOUSE4"
		}
		"HeroStop"
		{
			"Key"		"H"
			"Mode"		"0"
		}
		"HeroHold"
		{
			"Key"		"S"
			"Mode"		"0"
		}
		"HeroSelect"
		{
			"Key"		"1"
			"Mode"		"0"
		}
		"CourierSelect"
		{
			"Key"		"1"
			"Modifier"		"ALT"
			"Mode"		"0"
		}
		"CourierDeliver"
		{
			"Key"		"Z"
			"Mode"		"0"
		}
		"ControlGroup4"
		{
			"Key"		"7"
			"Mode"		"0"
		}
		"ControlGroup8"
		{
			"Key"		"8"
		}
		"ControlGroup9"
		{
			"Key"		"9"
		}
		"ControlGroup10"
		{
			"Key"		"0"
		}
		"ControlGroupCycle"
		{
			"Key"		"TAB"
		}
		"AbilityPrimary1"
		{
			"Key"		"Q"
		}
		"AbilityPrimary2"
		{
			"Key"		"W"
		}
		"AbilityPrimary3"
		{
			"Key"		"E"
		}
		"AbilitySecondary1"
		{
			"Key"		"D"
		}
		"AbilitySecondary2"
		{
			"Key"		"F"
			"Mode"		"0"
		}
		"AbilityUltimate"
		{
			"Key"		"R"
		}
		"LearnAbilities"
		{
			"Key"		"O"
		}
		"Inventory1"
		{
			"Key"		"Q"
			"Modifier"		"ALT"
			"Mode"		"0"
		}
		"Inventory2"
		{
			"Key"		"W"
			"Modifier"		"ALT"
			"Mode"		"0"
		}
		"Inventory3"
		{
			"Key"		"E"
			"Modifier"		"ALT"
			"Mode"		"0"
		}
		"Inventory4"
		{
			"Key"		"A"
			"Modifier"		"ALT"
			"Mode"		"0"
		}
		"Inventory5"
		{
			"Key"		"S"
			"Modifier"		"ALT"
			"Mode"		"0"
		}
		"InventoryTP"
		{
			"Key"		"C"
			"Mode"		"0"
		}
		"ShopToggle"
		{
			"Key"		"F4"
		}
		"PurchaseQuickbuy"
		{
			"Key"		"X"
			"Mode"		"0"
		}
		"Console"
		{
			"Key"		"F8"
			"Mode"		"0"
		}
		"Pause"
		{
			"Key"		"F9"
		}
		"ScreenshotSettings"
		{
			"Key"		"F6"
			"Mode"		"0"
		}
		"Escape"
		{
			"Key"		"ESCAPE"
		}
		"SpectatorCameraUp"
		{
			"Key"		"W"
			"Mode"		"0"
		}
		"SpectatorCameraDown"
		{
			"Key"		"S"
			"Mode"		"0"
		}
		"SpectatorCameraLeft"
		{
			"Key"		"A"
			"Mode"		"0"
		}
		"SpectatorCameraRight"
		{
			"Key"		"D"
			"Mode"		"0"
		}
		"SpectatorIncreaseReplaySpeed"
		{
			"Key"		"UPARROW"
			"Mode"		"0"
		}
		"SpectatorDecreaseReplaySpeed"
		{
			"Key"		"DOWNARROW"
			"Mode"		"0"
		}
		"SpectatorChat"
		{
			"Key"		"ENTER"
			"Modifier"		"SHIFT"
			"Mode"		"0"
		}
		"SpectatorScoreboard"
		{
			"Key"		"`"
			"Modifier"		"None"
			"Mode"		"0"
		}
		"SpectatorStatsHarvest"
		{
			"Key"		"F4"
		}
		"SpectatorStatsItem"
		{
			"Key"		"F5"
		}
		"SpectatorStatsGold"
		{
			"Key"		"F6"
		}
		"SpectatorStatsXP"
		{
			"Key"		"F7"
		}
		"SpectatorStatsWinChance"
		{
			"Key"		"F8"
		}
		"SpectatorFOWRadient"
		{
			"Key"		"F2"
		}
		"SpectatorFOWDire"
		{
			"Key"		"F3"
		}
		"SpectatorBroadcasterMenu"
		{
			"Key"		"F10"
		}
		"SpectatorDropdown_KDA"
		{
			"Key"		"q"
		}
		"SpectatorDropdown_Level"
		{
			"Key"		"e"
		}
		"SpectatorDropdown_XP_Per_Min"
		{
			"Key"		"r"
		}
		"SpectatorDropdown_Gold"
		{
			"Key"		"t"
		}
		"SpectatorDropdown_NetWorth"
		{
			"Key"		"y"
		}
		"SpectatorDropdown_Fantasy"
		{
			"Key"		"o"
		}
		"SpectatorDropdown_Gold_Per_Min"
		{
			"Key"		"u"
			"PanelParent"		"page2"
		}
		"SpectatorDropdown_Buyback"
		{
			"Key"		"i"
		}
		"SpectatorCameraFocusPlayer2"
		{
			"Key"		"2"
		}
		"SpectatorCameraFocusPlayer3"
		{
			"Key"		"3"
		}
		"SpectatorCameraFocusPlayer4"
		{
			"Key"		"4"
		}
		"SpectatorCameraFocusPlayer5"
		{
			"Key"		"5"
		}
		"SpectatorCameraFocusPlayer6"
		{
			"Key"		"6"
		}
		"SpectatorCameraFocusPlayer7"
		{
			"Key"		"7"
		}
		"SpectatorCameraFocusPlayer8"
		{
			"Key"		"8"
		}
		"SpectatorCameraFocusPlayer9"
		{
			"Key"		"9"
		}
		"SpectatorCameraFocusPlayer10"
		{
			"Key"		"0"
		}
		"ShopTabConsumables"
		{
			"Key"		"q"
			"Mode"		"0"
		}
		"ShopTabAttributes"
		{
			"Key"		"w"
			"Mode"		"0"
		}
		"ShopTabArmaments"
		{
			"Key"		"e"
			"Mode"		"0"
		}
		"ShopTabArcane"
		{
			"Key"		"r"
			"Mode"		"0"
		}
		"ShopTabBasics"
		{
			"Key"		"a"
			"Mode"		"0"
		}
		"ShopTabSupport"
		{
			"Key"		"s"
			"Mode"		"0"
		}
		"ShopTabCaster"
		{
			"Key"		"d"
			"Mode"		"0"
		}
		"ShopTabWeapons"
		{
			"Key"		"g"
			"Mode"		"0"
		}
		"ShopTabArmor"
		{
			"Key"		"f"
			"Mode"		"0"
		}
		"ShopTabArtifacts"
		{
			"Key"		"h"
			"Mode"		"0"
		}
		"ShopTabSidePage1"
		{
			"Key"		"z"
			"Mode"		"0"
		}
		"ShopTabSidePage2"
		{
			"Key"		"x"
			"Mode"		"0"
		}
		"ShopTabSecret"
		{
			"Key"		"c"
			"Mode"		"0"
		}
		"ShopTabSearchBox"
		{
			"Key"		"v"
			"Mode"		"0"
		}
		"ShopSlot1"
		{
			"Key"		"1"
			"Mode"		"0"
		}
		"ShopSlot2"
		{
			"Key"		"2"
			"Mode"		"0"
		}
		"ShopSlot3"
		{
			"Key"		"3"
			"Mode"		"0"
		}
		"ShopSlot4"
		{
			"Key"		"4"
			"Mode"		"0"
		}
		"ShopSlot5"
		{
			"Key"		"5"
			"Mode"		"0"
		}
		"ShopSlot6"
		{
			"Key"		"6"
			"Mode"		"0"
		}
		"ShopSlot7"
		{
			"Key"		"7"
			"Mode"		"0"
		}
		"ShopSlot8"
		{
			"Key"		"8"
			"Mode"		"0"
		}
		"ShopSlot9"
		{
			"Key"		"9"
			"Mode"		"0"
		}
		"ShopSlot10"
		{
			"Key"		"0"
			"Mode"		"0"
		}
		"ShopSlot11"
		{
			"Key"		"-"
			"Mode"		"0"
		}
		"ShopSlot12"
		{
			"Key"		"="
			"Mode"		"0"
		}
		"ShopSlot13"
		{
			"Key"		"["
			"Mode"		"0"
		}
		"ShopSlot14"
		{
			"Key"		"]"
			"Mode"		"0"
		}
		"ChatGlobal"
		{
			"Key"		"ENTER"
			"Modifier"		"SHIFT"
			"Mode"		"0"
		}
		"ChatGlobal2"
		{
			"Key"		"KP_ENTER"
			"Modifier"		"SHIFT"
			"Mode"		"0"
		}
		"AbilityPrimary1AutoCast"
		{
			"Key"		"q"
			"Modifier"		"ALT"
			"Mode"		"0"
		}
		"AbilityPrimary2AutoCast"
		{
			"Key"		"w"
			"Modifier"		"ALT"
			"Mode"		"0"
		}
		"AbilityPrimary3AutoCast"
		{
			"Key"		"e"
			"Modifier"		"ALT"
			"Mode"		"0"
		}
		"AbilitySecondary1AutoCast"
		{
			"Key"		"d"
			"Modifier"		"ALT"
			"Mode"		"0"
		}
		"AbilitySecondary2AutoCast"
		{
			"Key"		"f"
			"Modifier"		"ALT"
			"Mode"		"0"
		}
		"AbilityUltimateAutoCast"
		{
			"Key"		"r"
			"Modifier"		"ALT"
			"Mode"		"0"
		}
		"Inventory1AutoCast"
		{
			"Mode"		"0"
		}
		"Inventory2AutoCast"
		{
			"Mode"		"0"
		}
		"Inventory3AutoCast"
		{
			"Mode"		"0"
		}
		"Inventory4AutoCast"
		{
			"Mode"		"0"
		}
		"Inventory5AutoCast"
		{
			"Mode"		"0"
		}
		"Inventory6AutoCast"
		{
			"Mode"		"0"
		}
		"InventoryTPAutoCast"
		{
			"Key"		"c"
			"Modifier"		"ALT"
			"Mode"		"0"
		}
		"SpectatorCameraGrip"
		{
			"Key"		"MOUSE3"
			"Modifier"		"None"
			"Mode"		"0"
		}
		"SpectatorHeroSelect"
		{
			"Key"		"1"
			"Modifier"		"None"
			"Mode"		"0"
		}
		"SpectatorPause"
		{
			"Key"		"SPACE"
			"Mode"		"0"
		}
		"SelectAll"
		{
			"Key"		"2"
			"Mode"		"0"
		}
		"InventoryNeutral"
		{
			"Key"		"R"
			"Modifier"		"ALT"
			"Mode"		"0"
		}
		"Inventory6QuickCast"
		{
			"Key"		"SPACE"
			"Mode"		"0"
		}
		"Inventory6QuickAutoCast"
		{
			"Key"		"SPACE"
			"Modifier"		"ALT"
			"Mode"		"0"
		}
		"SelectAllOthers"
		{
			"Key"		"3"
			"Mode"		"0"
		}
		"ChatWheel2"
		{
			"Key"		"U"
			"Mode"		"0"
		}
		"ChatWheelMissing"
		{
			"Key"		"N"
			"Mode"		"0"
		}
		"ChatWheelGetBack"
		{
			"Key"		"B"
			"Mode"		"0"
		}
		"ChatWheelGoodJob"
		{
			"Mode"		"0"
			"Key"		"G"
		}
		"ChatWheelHelp"
		{
			"Key"		"V"
			"Mode"		"0"
		}
		"ChatVoiceParty"
		{
			"Key"		"\"
			"Mode"		"0"
		}
		"SpectatorFOWBoth"
		{
			"Key"		"F1"
			"Mode"		"0"
		}
		"InspectHeroInWorld"
		{
			"Key"		"I"
			"Mode"		"0"
		}
		"ToggleAutoattack"
		{
			"Mode"		"0"
		}
		"ControlGroup1"
		{
			"Key"		"4"
			"Mode"		"0"
		}
		"ControlGroup2"
		{
			"Key"		"5"
			"Mode"		"0"
		}
		"ControlGroup3"
		{
			"Key"		"6"
			"Mode"		"0"
		}
		"HeroMoveDirection"
		{
			"Mode"		"0"
		}
	}
	"PerUnitKeybinds"		"1"
	"Units"
	{
		"npc_dota_hero_abaddon"
		{
			"AbilityPrimary2AutoCastAlternate"
			{
				"Key"		"D"
				"Mode"		"0"
			}
			"AbilityPrimary1"
			{
				"Key"		"Q"
				"Mode"		"0"
			}
			"AbilityPrimary1AutoCast"
			{
				"Key"		"q"
				"Modifier"		"ALT"
				"Mode"		"0"
			}
			"AbilityPrimary2"
			{
				"Key"		"W"
				"Mode"		"0"
			}
			"AbilityPrimary2AutoCast"
			{
				"Key"		"w"
				"Modifier"		"ALT"
				"Mode"		"0"
			}
			"AbilityPrimary3"
			{
				"Key"		"E"
				"Mode"		"0"
			}
			"AbilityPrimary3AutoCast"
			{
				"Key"		"e"
				"Modifier"		"ALT"
				"Mode"		"0"
			}
			"AbilityUltimate"
			{
				"Key"		"R"
				"Mode"		"0"
			}
			"AbilityUltimateAutoCast"
			{
				"Key"		"r"
				"Modifier"		"ALT"
				"Mode"		"0"
			}
			"AbilitySecondary2"
			{
				"Key"		"F"
				"Mode"		"0"
			}
			"AbilitySecondary2AutoCast"
			{
				"Key"		"f"
				"Modifier"		"ALT"
				"Mode"		"0"
			}
		}
		"npc_dota_hero_beastmaster"
		{
			"AbilityPrimary1QuickCast"
			{
				"Key"		"Q"
				"Mode"		"0"
			}
			"AbilityPrimary1AutoCastAlternate2"
			{
				"Key"		"q"
				"Modifier"		"ALT"
				"Mode"		"0"
			}
			"AbilityPrimary3QuickCast"
			{
				"Key"		"E"
				"Mode"		"0"
			}
			"AbilityPrimary3AutoCastAlternate2"
			{
				"Key"		"e"
				"Modifier"		"ALT"
				"Mode"		"0"
			}
			"AbilityPrimary2"
			{
				"Key"		"W"
				"Mode"		"0"
			}
			"AbilityPrimary2AutoCast"
			{
				"Key"		"w"
				"Modifier"		"ALT"
				"Mode"		"0"
			}
			"AbilitySecondary1"
			{
				"Key"		"D"
				"Mode"		"0"
			}
			"AbilitySecondary1AutoCast"
			{
				"Key"		"d"
				"Modifier"		"ALT"
				"Mode"		"0"
			}
			"AbilityUltimate"
			{
				"Key"		"R"
				"Mode"		"0"
			}
			"AbilityUltimateAutoCast"
			{
				"Key"		"r"
				"Modifier"		"ALT"
				"Mode"		"0"
			}
			"AbilitySecondary2"
			{
				"Key"		"F"
				"Mode"		"0"
			}
			"AbilitySecondary2AutoCast"
			{
				"Key"		"f"
				"Modifier"		"ALT"
				"Mode"		"0"
			}
		}
		"npc_dota_hero_rattletrap"
		{
			"AbilityPrimary3QuickCast"
			{
				"Key"		"E"
				"Mode"		"0"
			}
			"AbilityPrimary3AutoCastAlternate2"
			{
				"Key"		"e"
				"Modifier"		"ALT"
				"Mode"		"0"
			}
			"AbilityPrimary1"
			{
				"Key"		"Q"
				"Mode"		"0"
			}
			"AbilityPrimary1AutoCast"
			{
				"Key"		"q"
				"Modifier"		"ALT"
				"Mode"		"0"
			}
			"AbilityPrimary2"
			{
				"Key"		"W"
				"Mode"		"0"
			}
			"AbilityPrimary2AutoCast"
			{
				"Key"		"w"
				"Modifier"		"ALT"
				"Mode"		"0"
			}
			"AbilitySecondary1"
			{
				"Key"		"D"
				"Mode"		"0"
			}
			"AbilitySecondary1AutoCast"
			{
				"Key"		"d"
				"Modifier"		"ALT"
				"Mode"		"0"
			}
			"AbilitySecondary2"
			{
				"Key"		"F"
				"Mode"		"0"
			}
			"AbilitySecondary2AutoCast"
			{
				"Key"		"f"
				"Modifier"		"ALT"
				"Mode"		"0"
			}
			"AbilityUltimate"
			{
				"Mode"		"0"
				"Key"		"R"
			}
			"AbilityUltimateAutoCast"
			{
				"Mode"		"0"
				"Key"		"r"
				"Modifier"		"ALT"
			}
			"AbilityUltimateQuickCast"
			{
				"Mode"		"0"
			}
			"AbilityUltimateAutoCastAlternate2"
			{
				"Mode"		"0"
			}
		}
		"npc_dota_hero_earth_spirit"
		{
			"AbilityPrimary1QuickCast"
			{
				"Key"		"Q"
				"Mode"		"0"
			}
			"AbilityPrimary1AutoCastAlternate2"
			{
				"Key"		"q"
				"Modifier"		"ALT"
				"Mode"		"0"
			}
			"AbilityPrimary3QuickCast"
			{
				"Key"		"E"
				"Mode"		"0"
			}
			"AbilityPrimary3AutoCastAlternate2"
			{
				"Key"		"e"
				"Modifier"		"ALT"
				"Mode"		"0"
			}
			"AbilitySecondary1AutoCastAlternate"
			{
				"Key"		"F"
				"Mode"		"0"
			}
			"AbilitySecondary2"
			{
				"Key"		"D"
				"Modifier"		"ALT"
				"Mode"		"0"
			}
			"AbilitySecondary1"
			{
				"Mode"		"0"
			}
			"AbilitySecondary1AutoCast"
			{
				"Mode"		"0"
			}
			"AbilitySecondary1QuickCast"
			{
				"Key"		"D"
				"Mode"		"0"
			}
			"AbilitySecondary1AutoCastAlternate2"
			{
				"Key"		"d"
				"Modifier"		"ALT"
				"Mode"		"0"
			}
			"AbilityPrimary2"
			{
				"Key"		"W"
				"Mode"		"0"
			}
			"AbilityPrimary2AutoCast"
			{
				"Key"		"w"
				"Modifier"		"ALT"
				"Mode"		"0"
			}
			"AbilityUltimate"
			{
				"Key"		"R"
				"Mode"		"0"
			}
			"AbilityUltimateAutoCast"
			{
				"Key"		"r"
				"Modifier"		"ALT"
				"Mode"		"0"
			}
		}
		"npc_dota_hero_earthshaker"
		{
			"AbilityPrimary1QuickCast"
			{
				"Mode"		"0"
			}
			"AbilityPrimary1AutoCastAlternate2"
			{
				"Mode"		"0"
			}
			"AbilityPrimary2QuickCast"
			{
				"Key"		"W"
				"Mode"		"0"
			}
			"AbilityPrimary2AutoCastAlternate2"
			{
				"Key"		"w"
				"Modifier"		"ALT"
				"Mode"		"0"
			}
			"AbilityPrimary2AutoCastAlternate"
			{
				"Key"		"D"
				"Mode"		"0"
			}
			"AbilityPrimary3"
			{
				"Key"		"E"
				"Mode"		"0"
			}
			"AbilityPrimary3AutoCast"
			{
				"Key"		"e"
				"Modifier"		"ALT"
				"Mode"		"0"
			}
			"AbilitySecondary2"
			{
				"Key"		"F"
				"Mode"		"0"
			}
			"AbilitySecondary2AutoCast"
			{
				"Key"		"f"
				"Modifier"		"ALT"
				"Mode"		"0"
			}
			"AbilityUltimate"
			{
				"Key"		"R"
				"Mode"		"0"
			}
			"AbilityUltimateAutoCast"
			{
				"Key"		"r"
				"Modifier"		"ALT"
				"Mode"		"0"
			}
			"AbilityPrimary1"
			{
				"Key"		"Q"
				"Mode"		"0"
			}
			"AbilityPrimary1AutoCast"
			{
				"Key"		"q"
				"Modifier"		"ALT"
				"Mode"		"0"
			}
		}
		"npc_dota_hero_elder_titan"
		{
			"AbilityPrimary2QuickCast"
			{
				"Key"		"W"
				"Mode"		"0"
			}
			"AbilityPrimary2AutoCastAlternate2"
			{
				"Key"		"w"
				"Modifier"		"ALT"
				"Mode"		"0"
			}
			"AbilityUltimateQuickCast"
			{
				"Key"		"R"
				"Mode"		"0"
			}
			"AbilityUltimateAutoCastAlternate2"
			{
				"Key"		"r"
				"Modifier"		"ALT"
				"Mode"		"0"
			}
			"AbilityPrimary1"
			{
				"Key"		"Q"
				"Mode"		"0"
			}
			"AbilityPrimary1AutoCast"
			{
				"Key"		"q"
				"Modifier"		"ALT"
				"Mode"		"0"
			}
			"AbilityPrimary3"
			{
				"Key"		"E"
				"Mode"		"0"
			}
			"AbilityPrimary3AutoCast"
			{
				"Key"		"e"
				"Modifier"		"ALT"
				"Mode"		"0"
			}
			"AbilitySecondary1"
			{
				"Mode"		"0"
			}
			"AbilitySecondary1AutoCast"
			{
				"Mode"		"0"
			}
			"AbilitySecondary2"
			{
				"Key"		"F"
				"Mode"		"0"
			}
			"AbilitySecondary2AutoCast"
			{
				"Key"		"f"
				"Modifier"		"ALT"
				"Mode"		"0"
			}
			"AbilitySecondary1QuickCast"
			{
				"Key"		"D"
				"Mode"		"0"
			}
			"AbilitySecondary1AutoCastAlternate2"
			{
				"Key"		"d"
				"Modifier"		"ALT"
				"Mode"		"0"
			}
		}
		"npc_dota_hero_huskar"
		{
			"AbilityPrimary2AutoCastAlternate"
			{
				"Key"		"D"
				"Mode"		"0"
			}
			"AbilityPrimary1"
			{
				"Key"		"Q"
				"Mode"		"0"
			}
			"AbilityPrimary1AutoCast"
			{
				"Key"		"q"
				"Modifier"		"ALT"
				"Mode"		"0"
			}
			"AbilityPrimary3"
			{
				"Key"		"E"
				"Mode"		"0"
			}
			"AbilityPrimary3AutoCast"
			{
				"Key"		"e"
				"Modifier"		"ALT"
				"Mode"		"0"
			}
			"AbilityUltimate"
			{
				"Key"		"R"
				"Mode"		"0"
			}
			"AbilityUltimateAutoCast"
			{
				"Key"		"r"
				"Modifier"		"ALT"
				"Mode"		"0"
			}
			"AbilityPrimary2"
			{
				"Key"		"W"
				"Mode"		"0"
			}
			"AbilityPrimary2AutoCast"
			{
				"Key"		"w"
				"Modifier"		"ALT"
				"Mode"		"0"
			}
			"AbilitySecondary2"
			{
				"Key"		"F"
				"Mode"		"0"
			}
			"AbilitySecondary2AutoCast"
			{
				"Key"		"f"
				"Modifier"		"ALT"
				"Mode"		"0"
			}
		}
		"npc_dota_hero_kunkka"
		{
			"AbilityPrimary2AutoCastAlternate"
			{
				"Mode"		"0"
				"Key"		"D"
				"Modifier"		"ALT"
			}
			"AbilityPrimary3AutoCastAlternate"
			{
				"Mode"		"0"
			}
			"AbilitySecondary1AutoCastAlternate"
			{
				"Mode"		"0"
			}
			"AbilitySecondary1"
			{
				"Key"		"D"
				"Mode"		"0"
			}
			"AbilitySecondary1AutoCast"
			{
				"Key"		"d"
				"Modifier"		"ALT"
				"Mode"		"0"
			}
			"AbilityUltimateQuickCast"
			{
				"Key"		"R"
				"Mode"		"0"
			}
			"AbilityUltimateAutoCastAlternate2"
			{
				"Key"		"r"
				"Modifier"		"ALT"
				"Mode"		"0"
			}
			"AbilityPrimary1"
			{
				"Key"		"Q"
				"Mode"		"0"
			}
			"AbilityPrimary1AutoCast"
			{
				"Key"		"q"
				"Modifier"		"ALT"
				"Mode"		"0"
			}
			"AbilityPrimary2"
			{
				"Key"		"W"
				"Mode"		"0"
			}
			"AbilityPrimary2AutoCast"
			{
				"Key"		"w"
				"Modifier"		"ALT"
				"Mode"		"0"
			}
			"AbilityPrimary3"
			{
				"Key"		"E"
				"Mode"		"0"
			}
			"AbilityPrimary3AutoCast"
			{
				"Key"		"e"
				"Modifier"		"ALT"
				"Mode"		"0"
			}
			"AbilitySecondary2"
			{
				"Mode"		"0"
			}
			"AbilitySecondary2AutoCast"
			{
				"Mode"		"0"
			}
			"AbilityPrimary1AutoCastAlternate"
			{
				"Mode"		"0"
			}
			"AbilitySecondary2QuickCast"
			{
				"Key"		"F"
				"Mode"		"0"
			}
			"AbilitySecondary2AutoCastAlternate2"
			{
				"Key"		"f"
				"Modifier"		"ALT"
				"Mode"		"0"
			}
		}
		"npc_dota_hero_legion_commander"
		{
			"AbilityPrimary2AutoCastAlternate"
			{
				"Key"		"D"
				"Mode"		"0"
			}
			"AbilityPrimary1"
			{
				"Key"		"Q"
				"Mode"		"0"
			}
			"AbilityPrimary1AutoCast"
			{
				"Key"		"q"
				"Modifier"		"ALT"
				"Mode"		"0"
			}
			"AbilityPrimary3"
			{
				"Key"		"E"
				"Mode"		"0"
			}
			"AbilityPrimary3AutoCast"
			{
				"Key"		"e"
				"Modifier"		"ALT"
				"Mode"		"0"
			}
			"AbilityUltimate"
			{
				"Key"		"R"
				"Mode"		"0"
			}
			"AbilityUltimateAutoCast"
			{
				"Key"		"r"
				"Modifier"		"ALT"
				"Mode"		"0"
			}
			"AbilitySecondary2"
			{
				"Key"		"F"
				"Mode"		"0"
			}
			"AbilitySecondary2AutoCast"
			{
				"Key"		"f"
				"Modifier"		"ALT"
				"Mode"		"0"
			}
			"AbilityPrimary2"
			{
				"Key"		"W"
				"Mode"		"0"
			}
			"AbilityPrimary2AutoCast"
			{
				"Key"		"w"
				"Modifier"		"ALT"
				"Mode"		"0"
			}
		}
		"npc_dota_hero_magnataur"
		{
			"AbilityPrimary3QuickCast"
			{
				"Key"		"E"
				"Mode"		"0"
			}
			"AbilityPrimary3AutoCastAlternate2"
			{
				"Key"		"e"
				"Modifier"		"ALT"
				"Mode"		"0"
			}
			"AbilityPrimary2AutoCastAlternate"
			{
				"Key"		"D"
				"Mode"		"0"
			}
			"AbilityPrimary1QuickCast"
			{
				"Key"		"Q"
				"Mode"		"0"
			}
			"AbilityPrimary1AutoCastAlternate2"
			{
				"Key"		"q"
				"Modifier"		"ALT"
				"Mode"		"0"
			}
			"AbilityUltimate"
			{
				"Key"		"R"
				"Mode"		"0"
			}
			"AbilityUltimateAutoCast"
			{
				"Key"		"r"
				"Modifier"		"ALT"
				"Mode"		"0"
			}
			"AbilitySecondary2"
			{
				"Mode"		"0"
			}
			"AbilitySecondary2AutoCast"
			{
				"Mode"		"0"
			}
			"AbilityPrimary2"
			{
				"Key"		"W"
				"Mode"		"0"
			}
			"AbilityPrimary2AutoCast"
			{
				"Key"		"w"
				"Modifier"		"ALT"
				"Mode"		"0"
			}
			"AbilitySecondary1"
			{
				"Key"		"F"
				"Mode"		"0"
			}
			"AbilitySecondary1AutoCast"
			{
				"Key"		"f"
				"Modifier"		"ALT"
				"Mode"		"0"
			}
			"AbilityPrimary3"
			{
				"Mode"		"0"
			}
			"AbilityPrimary3AutoCast"
			{
				"Mode"		"0"
			}
			"AbilityPrimary3AutoCastAlternate"
			{
				"Mode"		"0"
			}
		}
		"npc_dota_hero_mars"
		{
			"AbilityPrimary1QuickCast"
			{
				"Key"		"Q"
				"Mode"		"0"
			}
			"AbilityPrimary1AutoCastAlternate2"
			{
				"Key"		"q"
				"Modifier"		"ALT"
				"Mode"		"0"
			}
			"AbilityPrimary2QuickCast"
			{
				"Key"		"W"
				"Mode"		"0"
			}
			"AbilityPrimary2AutoCastAlternate2"
			{
				"Key"		"w"
				"Modifier"		"ALT"
				"Mode"		"0"
			}
			"AbilityUltimate"
			{
				"Key"		"R"
				"Mode"		"0"
			}
			"AbilityUltimateAutoCast"
			{
				"Key"		"r"
				"Modifier"		"ALT"
				"Mode"		"0"
			}
			"AbilityPrimary3"
			{
				"Key"		"E"
				"Mode"		"0"
			}
			"AbilityPrimary3AutoCast"
			{
				"Key"		"e"
				"Modifier"		"ALT"
				"Mode"		"0"
			}
			"AbilitySecondary1"
			{
				"Key"		"D"
				"Mode"		"0"
			}
			"AbilitySecondary1AutoCast"
			{
				"Key"		"d"
				"Modifier"		"ALT"
				"Mode"		"0"
			}
			"AbilitySecondary2"
			{
				"Key"		"F"
				"Mode"		"0"
			}
			"AbilitySecondary2AutoCast"
			{
				"Key"		"f"
				"Modifier"		"ALT"
				"Mode"		"0"
			}
			"AbilityPrimary1"
			{
				"Mode"		"0"
			}
			"AbilityPrimary1AutoCast"
			{
				"Mode"		"0"
			}
		}
		"npc_dota_hero_omniknight"
		{
			"AbilityPrimary1AutoCastAlternate"
			{
				"Key"		"D"
				"Mode"		"0"
			}
			"AbilityPrimary2AutoCastAlternate"
			{
				"Key"		"F"
				"Mode"		"0"
			}
			"AbilityPrimary3"
			{
				"Key"		"E"
				"Mode"		"0"
			}
			"AbilityPrimary3AutoCast"
			{
				"Key"		"e"
				"Modifier"		"ALT"
				"Mode"		"0"
			}
			"AbilityUltimate"
			{
				"Key"		"R"
				"Mode"		"0"
			}
			"AbilityUltimateAutoCast"
			{
				"Key"		"r"
				"Modifier"		"ALT"
				"Mode"		"0"
			}
			"AbilityPrimary1"
			{
				"Key"		"Q"
				"Mode"		"0"
			}
			"AbilityPrimary1AutoCast"
			{
				"Key"		"q"
				"Modifier"		"ALT"
				"Mode"		"0"
			}
			"AbilityPrimary2"
			{
				"Key"		"W"
				"Mode"		"0"
			}
			"AbilityPrimary2AutoCast"
			{
				"Key"		"w"
				"Modifier"		"ALT"
				"Mode"		"0"
			}
		}
		"npc_dota_hero_phoenix"
		{
			"AbilityPrimary3QuickCast"
			{
				"Key"		"E"
				"Mode"		"0"
			}
			"AbilityPrimary3AutoCastAlternate2"
			{
				"Key"		"e"
				"Modifier"		"ALT"
				"Mode"		"0"
			}
			"AbilityPrimary2QuickCast"
			{
				"Key"		"W"
				"Mode"		"0"
			}
			"AbilityPrimary2AutoCastAlternate2"
			{
				"Key"		"w"
				"Modifier"		"ALT"
				"Mode"		"0"
			}
			"AbilityPrimary1QuickCast"
			{
				"Key"		"Q"
				"Mode"		"0"
			}
			"AbilityPrimary1AutoCastAlternate2"
			{
				"Key"		"q"
				"Modifier"		"ALT"
				"Mode"		"0"
			}
			"AbilityUltimate"
			{
				"Key"		"R"
				"Mode"		"0"
			}
			"AbilityUltimateAutoCast"
			{
				"Key"		"r"
				"Modifier"		"ALT"
				"Mode"		"0"
			}
			"AbilitySecondary1"
			{
				"Key"		"D"
				"Mode"		"0"
			}
			"AbilitySecondary1AutoCast"
			{
				"Key"		"d"
				"Modifier"		"ALT"
				"Mode"		"0"
			}
			"AbilitySecondary2"
			{
				"Key"		"F"
				"Mode"		"0"
			}
			"AbilitySecondary2AutoCast"
			{
				"Key"		"f"
				"Modifier"		"ALT"
				"Mode"		"0"
			}
		}
		"npc_dota_hero_pudge"
		{
			"AbilityPrimary1QuickCast"
			{
				"Key"		"Q"
				"Mode"		"0"
			}
			"AbilityPrimary1AutoCastAlternate2"
			{
				"Key"		"q"
				"Modifier"		"ALT"
				"Mode"		"0"
			}
			"AbilityPrimary2"
			{
				"Key"		"W"
				"Mode"		"0"
			}
			"AbilityPrimary2AutoCast"
			{
				"Key"		"w"
				"Modifier"		"ALT"
				"Mode"		"0"
			}
			"AbilityPrimary3"
			{
				"Key"		"E"
				"Mode"		"0"
			}
			"AbilityPrimary3AutoCast"
			{
				"Key"		"e"
				"Modifier"		"ALT"
				"Mode"		"0"
			}
			"AbilityUltimate"
			{
				"Key"		"R"
				"Mode"		"0"
			}
			"AbilityUltimateAutoCast"
			{
				"Key"		"r"
				"Modifier"		"ALT"
				"Mode"		"0"
			}
			"AbilitySecondary1"
			{
				"Key"		"D"
				"Mode"		"0"
			}
			"AbilitySecondary1AutoCast"
			{
				"Key"		"d"
				"Modifier"		"ALT"
				"Mode"		"0"
			}
			"AbilitySecondary2"
			{
				"Key"		"F"
				"Mode"		"0"
			}
			"AbilitySecondary2AutoCast"
			{
				"Key"		"f"
				"Modifier"		"ALT"
				"Mode"		"0"
			}
		}
		"npc_dota_hero_snapfire"
		{
			"AbilityPrimary1QuickCast"
			{
				"Key"		"Q"
				"Mode"		"0"
			}
			"AbilityPrimary1AutoCastAlternate2"
			{
				"Key"		"q"
				"Modifier"		"ALT"
				"Mode"		"0"
			}
			"AbilityUltimateQuickCast"
			{
				"Key"		"R"
				"Mode"		"0"
			}
			"AbilityUltimateAutoCastAlternate2"
			{
				"Key"		"r"
				"Modifier"		"ALT"
				"Mode"		"0"
			}
			"AbilitySecondary2"
			{
				"Key"		"F"
				"Mode"		"0"
			}
			"AbilitySecondary2AutoCast"
			{
				"Key"		"f"
				"Modifier"		"ALT"
				"Mode"		"0"
			}
			"AbilityPrimary2"
			{
				"Key"		"W"
				"Mode"		"0"
			}
			"AbilityPrimary2AutoCast"
			{
				"Key"		"w"
				"Modifier"		"ALT"
				"Mode"		"0"
			}
			"AbilityPrimary3"
			{
				"Key"		"E"
				"Mode"		"0"
			}
			"AbilityPrimary3AutoCast"
			{
				"Key"		"e"
				"Modifier"		"ALT"
				"Mode"		"0"
			}
			"AbilitySecondary1"
			{
				"Key"		"D"
				"Mode"		"0"
				"Modifier"		"ALT"
			}
			"AbilitySecondary1AutoCast"
			{
				"Mode"		"0"
			}
			"AbilityPrimary2AutoCastAlternate"
			{
				"Key"		"D"
				"Mode"		"0"
			}
		}
		"npc_dota_hero_shredder"
		{
			"AbilityPrimary2QuickCast"
			{
				"Key"		"W"
				"Mode"		"0"
			}
			"AbilityPrimary2AutoCastAlternate2"
			{
				"Key"		"w"
				"Modifier"		"ALT"
				"Mode"		"0"
			}
			"AbilityPrimary1"
			{
				"Key"		"Q"
				"Mode"		"0"
			}
			"AbilityPrimary1AutoCast"
			{
				"Key"		"q"
				"Modifier"		"ALT"
				"Mode"		"0"
			}
			"AbilityPrimary3"
			{
				"Key"		"E"
				"Mode"		"0"
			}
			"AbilityPrimary3AutoCast"
			{
				"Key"		"e"
				"Modifier"		"ALT"
				"Mode"		"0"
			}
			"AbilitySecondary1"
			{
				"Key"		"D"
				"Mode"		"0"
			}
			"AbilitySecondary1AutoCast"
			{
				"Key"		"d"
				"Modifier"		"ALT"
				"Mode"		"0"
			}
			"AbilitySecondary2"
			{
				"Key"		"F"
				"Mode"		"0"
			}
			"AbilitySecondary2AutoCast"
			{
				"Key"		"f"
				"Modifier"		"ALT"
				"Mode"		"0"
			}
			"AbilityUltimate"
			{
				"Key"		"R"
				"Mode"		"0"
			}
			"AbilityUltimateAutoCast"
			{
				"Key"		"r"
				"Modifier"		"ALT"
				"Mode"		"0"
			}
		}
		"npc_dota_hero_tiny"
		{
			"AbilityPrimary1QuickCast"
			{
				"Key"		"Q"
				"Mode"		"0"
			}
			"AbilityPrimary1AutoCastAlternate2"
			{
				"Key"		"q"
				"Modifier"		"ALT"
				"Mode"		"0"
			}
			"AbilityPrimary3QuickCast"
			{
				"Key"		"E"
				"Mode"		"0"
			}
			"AbilityPrimary3AutoCastAlternate2"
			{
				"Key"		"e"
				"Modifier"		"ALT"
				"Mode"		"0"
			}
			"AbilityPrimary2"
			{
				"Key"		"W"
				"Mode"		"0"
			}
			"AbilityPrimary2AutoCast"
			{
				"Key"		"w"
				"Modifier"		"ALT"
				"Mode"		"0"
			}
			"AbilityUltimate"
			{
				"Key"		"R"
				"Mode"		"0"
			}
			"AbilityUltimateAutoCast"
			{
				"Key"		"r"
				"Modifier"		"ALT"
				"Mode"		"0"
			}
			"AbilitySecondary1"
			{
				"Key"		"D"
				"Mode"		"0"
			}
			"AbilitySecondary1AutoCast"
			{
				"Key"		"d"
				"Modifier"		"ALT"
				"Mode"		"0"
			}
			"AbilitySecondary2"
			{
				"Key"		"F"
				"Mode"		"0"
			}
			"AbilitySecondary2AutoCast"
			{
				"Key"		"f"
				"Modifier"		"ALT"
				"Mode"		"0"
			}
		}
		"npc_dota_hero_tusk"
		{
			"AbilityPrimary1QuickCast"
			{
				"Key"		"Q"
				"Mode"		"0"
			}
			"AbilityPrimary1AutoCastAlternate2"
			{
				"Key"		"q"
				"Modifier"		"ALT"
				"Mode"		"0"
			}
			"AbilityPrimary2"
			{
				"Key"		"W"
				"Mode"		"0"
			}
			"AbilityPrimary2AutoCast"
			{
				"Key"		"w"
				"Modifier"		"ALT"
				"Mode"		"0"
			}
			"AbilityPrimary3"
			{
				"Key"		"E"
				"Mode"		"0"
			}
			"AbilityPrimary3AutoCast"
			{
				"Key"		"e"
				"Modifier"		"ALT"
				"Mode"		"0"
			}
			"AbilitySecondary1"
			{
				"Key"		"F"
				"Mode"		"0"
			}
			"AbilitySecondary1AutoCast"
			{
				"Key"		"f"
				"Modifier"		"ALT"
				"Mode"		"0"
			}
			"AbilitySecondary2"
			{
				"Mode"		"0"
			}
			"AbilitySecondary2AutoCast"
			{
				"Mode"		"0"
			}
			"AbilityUltimate"
			{
				"Key"		"R"
				"Mode"		"0"
			}
			"AbilityUltimateAutoCast"
			{
				"Key"		"r"
				"Modifier"		"ALT"
				"Mode"		"0"
			}
			"AbilityUltimateAutoCastAlternate"
			{
				"Key"		"D"
				"Mode"		"0"
			}
		}
		"npc_dota_hero_undying"
		{
			"AbilityPrimary2AutoCastAlternate"
			{
				"Key"		"D"
				"Mode"		"0"
			}
			"AbilityPrimary3QuickCast"
			{
				"Key"		"E"
				"Mode"		"0"
			}
			"AbilityPrimary3AutoCastAlternate2"
			{
				"Key"		"e"
				"Modifier"		"ALT"
				"Mode"		"0"
			}
			"AbilityPrimary1"
			{
				"Key"		"Q"
				"Mode"		"0"
			}
			"AbilityPrimary1AutoCast"
			{
				"Key"		"q"
				"Modifier"		"ALT"
				"Mode"		"0"
			}
			"AbilityPrimary2"
			{
				"Key"		"W"
				"Mode"		"0"
			}
			"AbilityPrimary2AutoCast"
			{
				"Key"		"w"
				"Modifier"		"ALT"
				"Mode"		"0"
			}
			"AbilitySecondary1"
			{
				"Mode"		"0"
			}
			"AbilitySecondary1AutoCast"
			{
				"Mode"		"0"
			}
			"AbilitySecondary2"
			{
				"Key"		"F"
				"Mode"		"0"
			}
			"AbilitySecondary2AutoCast"
			{
				"Key"		"f"
				"Modifier"		"ALT"
				"Mode"		"0"
			}
			"AbilityUltimate"
			{
				"Key"		"R"
				"Mode"		"0"
			}
			"AbilityUltimateAutoCast"
			{
				"Key"		"r"
				"Modifier"		"ALT"
				"Mode"		"0"
			}
		}
		"npc_dota_hero_antimage"
		{
			"AbilityPrimary2QuickCast"
			{
				"Key"		"W"
				"Mode"		"0"
			}
			"AbilityPrimary2AutoCastAlternate2"
			{
				"Key"		"w"
				"Modifier"		"ALT"
				"Mode"		"0"
			}
			"AbilityPrimary1"
			{
				"Key"		"Q"
				"Mode"		"0"
			}
			"AbilityPrimary1AutoCast"
			{
				"Key"		"q"
				"Modifier"		"ALT"
				"Mode"		"0"
			}
			"AbilityPrimary3"
			{
				"Key"		"E"
				"Mode"		"0"
			}
			"AbilityPrimary3AutoCast"
			{
				"Key"		"e"
				"Modifier"		"ALT"
				"Mode"		"0"
			}
			"AbilityUltimate"
			{
				"Key"		"R"
				"Mode"		"0"
			}
			"AbilityUltimateAutoCast"
			{
				"Key"		"r"
				"Modifier"		"ALT"
				"Mode"		"0"
			}
			"AbilitySecondary1"
			{
				"Mode"		"0"
			}
			"AbilitySecondary1AutoCast"
			{
				"Mode"		"0"
			}
			"AbilitySecondary2"
			{
				"Key"		"F"
				"Mode"		"0"
			}
			"AbilitySecondary2AutoCast"
			{
				"Key"		"f"
				"Modifier"		"ALT"
				"Mode"		"0"
			}
			"AbilitySecondary1QuickCast"
			{
				"Key"		"D"
				"Mode"		"0"
			}
			"AbilitySecondary1AutoCastAlternate2"
			{
				"Key"		"d"
				"Modifier"		"ALT"
				"Mode"		"0"
			}
		}
		"npc_dota_hero_arc_warden"
		{
			"AbilityPrimary3QuickCast"
			{
				"Key"		"E"
				"Mode"		"0"
			}
			"AbilityPrimary3AutoCastAlternate2"
			{
				"Key"		"e"
				"Modifier"		"ALT"
				"Mode"		"0"
			}
			"AbilityPrimary1"
			{
				"Key"		"Q"
				"Mode"		"0"
			}
			"AbilityPrimary1AutoCast"
			{
				"Key"		"q"
				"Modifier"		"ALT"
				"Mode"		"0"
			}
			"AbilityPrimary2"
			{
				"Key"		"W"
				"Mode"		"0"
			}
			"AbilityPrimary2AutoCast"
			{
				"Key"		"w"
				"Modifier"		"ALT"
				"Mode"		"0"
			}
			"AbilitySecondary1"
			{
				"Key"		"D"
				"Mode"		"0"
			}
			"AbilitySecondary1AutoCast"
			{
				"Key"		"d"
				"Modifier"		"ALT"
				"Mode"		"0"
			}
			"AbilitySecondary2"
			{
				"Key"		"F"
				"Mode"		"0"
			}
			"AbilitySecondary2AutoCast"
			{
				"Key"		"f"
				"Modifier"		"ALT"
				"Mode"		"0"
			}
			"AbilityUltimate"
			{
				"Key"		"R"
				"Mode"		"0"
			}
			"AbilityUltimateAutoCast"
			{
				"Key"		"r"
				"Modifier"		"ALT"
				"Mode"		"0"
			}
		}
		"npc_dota_hero_bloodseeker"
		{
			"AbilityPrimary1AutoCastAlternate"
			{
				"Key"		"D"
				"Mode"		"0"
			}
			"AbilityPrimary1"
			{
				"Key"		"Q"
				"Mode"		"0"
			}
			"AbilityPrimary1AutoCast"
			{
				"Key"		"q"
				"Modifier"		"ALT"
				"Mode"		"0"
			}
			"AbilityPrimary2"
			{
				"Key"		"W"
				"Mode"		"0"
			}
			"AbilityPrimary2AutoCast"
			{
				"Key"		"w"
				"Modifier"		"ALT"
				"Mode"		"0"
			}
			"AbilityPrimary3"
			{
				"Key"		"E"
				"Mode"		"0"
			}
			"AbilityPrimary3AutoCast"
			{
				"Key"		"e"
				"Modifier"		"ALT"
				"Mode"		"0"
			}
			"AbilitySecondary1"
			{
				"Mode"		"0"
				"Key"		"F"
			}
			"AbilitySecondary1AutoCast"
			{
				"Mode"		"0"
				"Key"		"f"
				"Modifier"		"ALT"
			}
			"AbilitySecondary2"
			{
				"Mode"		"0"
			}
			"AbilitySecondary2AutoCast"
			{
				"Mode"		"0"
			}
			"AbilityUltimate"
			{
				"Key"		"R"
				"Mode"		"0"
			}
			"AbilityUltimateAutoCast"
			{
				"Key"		"r"
				"Modifier"		"ALT"
				"Mode"		"0"
			}
		}
		"npc_dota_hero_clinkz"
		{
			"AbilityPrimary2AutoCastAlternate"
			{
				"Mode"		"0"
				"Key"		"D"
			}
			"AbilityPrimary1"
			{
				"Mode"		"0"
			}
			"AbilityPrimary1AutoCast"
			{
				"Mode"		"0"
			}
			"AbilityPrimary3"
			{
				"Key"		"E"
				"Mode"		"0"
			}
			"AbilityPrimary3AutoCast"
			{
				"Key"		"e"
				"Modifier"		"ALT"
				"Mode"		"0"
			}
			"AbilityUltimateQuickCast"
			{
				"Mode"		"0"
			}
			"AbilityUltimateAutoCastAlternate2"
			{
				"Mode"		"0"
			}
			"AbilitySecondary2"
			{
				"Mode"		"0"
				"Key"		"D"
				"Modifier"		"ALT"
			}
			"AbilitySecondary2AutoCast"
			{
				"Mode"		"0"
			}
			"AbilityPrimary2"
			{
				"Key"		"W"
				"Mode"		"0"
			}
			"AbilityPrimary2AutoCast"
			{
				"Key"		"w"
				"Modifier"		"ALT"
				"Mode"		"0"
			}
			"AbilityUltimate"
			{
				"Key"		"R"
				"Mode"		"0"
			}
			"AbilityUltimateAutoCast"
			{
				"Key"		"r"
				"Modifier"		"ALT"
				"Mode"		"0"
			}
			"AbilitySecondary1"
			{
				"Mode"		"0"
				"Key"		"F"
			}
			"AbilitySecondary1AutoCast"
			{
				"Mode"		"0"
				"Key"		"f"
				"Modifier"		"ALT"
			}
			"AbilitySecondary1QuickCast"
			{
				"Mode"		"0"
			}
			"AbilitySecondary1AutoCastAlternate2"
			{
				"Mode"		"0"
			}
			"AbilityPrimary1QuickCast"
			{
				"Key"		"Q"
				"Mode"		"0"
			}
			"AbilityPrimary1AutoCastAlternate2"
			{
				"Key"		"q"
				"Modifier"		"ALT"
				"Mode"		"0"
			}
		}
		"npc_dota_hero_drow_ranger"
		{
			"AbilityPrimary3QuickCast"
			{
				"Key"		"E"
				"Mode"		"0"
			}
			"AbilityPrimary3AutoCastAlternate2"
			{
				"Key"		"e"
				"Modifier"		"ALT"
				"Mode"		"0"
			}
			"AbilityPrimary2QuickCast"
			{
				"Key"		"W"
				"Mode"		"0"
			}
			"AbilityPrimary2AutoCastAlternate2"
			{
				"Key"		"w"
				"Modifier"		"ALT"
				"Mode"		"0"
			}
			"AbilityPrimary1AutoCastAlternate"
			{
				"Key"		"D"
				"Mode"		"0"
			}
			"AbilityPrimary1"
			{
				"Key"		"Q"
				"Mode"		"0"
			}
			"AbilityPrimary1AutoCast"
			{
				"Key"		"q"
				"Modifier"		"ALT"
				"Mode"		"0"
			}
			"AbilityUltimate"
			{
				"Key"		"R"
				"Mode"		"0"
			}
			"AbilityUltimateAutoCast"
			{
				"Key"		"r"
				"Modifier"		"ALT"
				"Mode"		"0"
			}
			"AbilitySecondary1"
			{
				"Key"		"F"
				"Mode"		"0"
			}
			"AbilitySecondary1AutoCast"
			{
				"Key"		"f"
				"Modifier"		"ALT"
				"Mode"		"0"
			}
		}
		"npc_dota_hero_ember_spirit"
		{
			"AbilityUltimateQuickCast"
			{
				"Key"		"R"
				"Mode"		"0"
			}
			"AbilityUltimateAutoCastAlternate2"
			{
				"Key"		"r"
				"Modifier"		"ALT"
				"Mode"		"0"
			}
			"AbilitySecondary1QuickCast"
			{
				"Key"		"D"
				"Mode"		"0"
			}
			"AbilitySecondary1AutoCastAlternate2"
			{
				"Key"		"d"
				"Modifier"		"ALT"
				"Mode"		"0"
			}
			"AbilityPrimary1"
			{
				"Key"		"Q"
				"Mode"		"0"
			}
			"AbilityPrimary1AutoCast"
			{
				"Key"		"q"
				"Modifier"		"ALT"
				"Mode"		"0"
			}
			"AbilityPrimary2"
			{
				"Key"		"W"
				"Mode"		"0"
			}
			"AbilityPrimary2AutoCast"
			{
				"Key"		"w"
				"Modifier"		"ALT"
				"Mode"		"0"
			}
			"AbilityPrimary3"
			{
				"Key"		"E"
				"Mode"		"0"
			}
			"AbilityPrimary3AutoCast"
			{
				"Key"		"e"
				"Modifier"		"ALT"
				"Mode"		"0"
			}
			"AbilitySecondary2"
			{
				"Key"		"F"
				"Mode"		"0"
			}
			"AbilitySecondary2AutoCast"
			{
				"Key"		"f"
				"Modifier"		"ALT"
				"Mode"		"0"
			}
		}
		"npc_dota_hero_faceless_void"
		{
			"AbilityPrimary1QuickCast"
			{
				"Key"		"Q"
				"Mode"		"0"
			}
			"AbilityPrimary1AutoCastAlternate2"
			{
				"Key"		"q"
				"Modifier"		"ALT"
				"Mode"		"0"
			}
			"AbilityPrimary2"
			{
				"Key"		"W"
				"Mode"		"0"
			}
			"AbilityPrimary2AutoCast"
			{
				"Key"		"w"
				"Modifier"		"ALT"
				"Mode"		"0"
			}
			"AbilityPrimary3"
			{
				"Key"		"E"
				"Mode"		"0"
			}
			"AbilityPrimary3AutoCast"
			{
				"Key"		"e"
				"Modifier"		"ALT"
				"Mode"		"0"
			}
			"AbilitySecondary1"
			{
				"Key"		"D"
				"Mode"		"0"
			}
			"AbilitySecondary1AutoCast"
			{
				"Key"		"d"
				"Modifier"		"ALT"
				"Mode"		"0"
			}
			"AbilitySecondary2"
			{
				"Key"		"F"
				"Mode"		"0"
			}
			"AbilitySecondary2AutoCast"
			{
				"Key"		"f"
				"Modifier"		"ALT"
				"Mode"		"0"
			}
			"AbilityUltimate"
			{
				"Key"		"R"
				"Mode"		"0"
			}
			"AbilityUltimateAutoCast"
			{
				"Key"		"r"
				"Modifier"		"ALT"
				"Mode"		"0"
			}
		}
		"npc_dota_hero_juggernaut"
		{
			"AbilityPrimary2QuickCast"
			{
				"Key"		"W"
				"Mode"		"0"
			}
			"AbilityPrimary2AutoCastAlternate2"
			{
				"Key"		"w"
				"Modifier"		"ALT"
				"Mode"		"0"
			}
			"AbilityPrimary1"
			{
				"Key"		"Q"
				"Mode"		"0"
			}
			"AbilityPrimary1AutoCast"
			{
				"Key"		"q"
				"Modifier"		"ALT"
				"Mode"		"0"
			}
			"AbilityPrimary3"
			{
				"Key"		"E"
				"Mode"		"0"
			}
			"AbilityPrimary3AutoCast"
			{
				"Key"		"e"
				"Modifier"		"ALT"
				"Mode"		"0"
			}
			"AbilitySecondary1"
			{
				"Key"		"D"
				"Mode"		"0"
			}
			"AbilitySecondary1AutoCast"
			{
				"Key"		"d"
				"Modifier"		"ALT"
				"Mode"		"0"
			}
			"AbilitySecondary2"
			{
				"Key"		"F"
				"Mode"		"0"
			}
			"AbilitySecondary2AutoCast"
			{
				"Key"		"f"
				"Modifier"		"ALT"
				"Mode"		"0"
			}
			"AbilityUltimate"
			{
				"Key"		"R"
				"Mode"		"0"
			}
			"AbilityUltimateAutoCast"
			{
				"Key"		"r"
				"Modifier"		"ALT"
				"Mode"		"0"
			}
		}
		"npc_dota_hero_meepo"
		{
			"AbilityPrimary2QuickCast"
			{
				"Key"		"W"
				"Mode"		"0"
			}
			"AbilityPrimary2AutoCastAlternate2"
			{
				"Key"		"w"
				"Modifier"		"ALT"
				"Mode"		"0"
			}
			"AbilityPrimary1QuickCast"
			{
				"Key"		"Q"
				"Mode"		"0"
			}
			"AbilityPrimary1AutoCastAlternate2"
			{
				"Key"		"q"
				"Modifier"		"ALT"
				"Mode"		"0"
			}
			"AbilityUltimate"
			{
				"Key"		"R"
				"Mode"		"0"
			}
			"AbilityUltimateAutoCast"
			{
				"Key"		"r"
				"Modifier"		"ALT"
				"Mode"		"0"
			}
			"AbilityPrimary3"
			{
				"Key"		"E"
				"Mode"		"0"
			}
			"AbilityPrimary3AutoCast"
			{
				"Key"		"e"
				"Modifier"		"ALT"
				"Mode"		"0"
			}
			"AbilitySecondary1"
			{
				"Key"		"D"
				"Mode"		"0"
			}
			"AbilitySecondary1AutoCast"
			{
				"Key"		"d"
				"Modifier"		"ALT"
				"Mode"		"0"
			}
			"AbilitySecondary2"
			{
				"Key"		"F"
				"Mode"		"0"
			}
			"AbilitySecondary2AutoCast"
			{
				"Key"		"f"
				"Modifier"		"ALT"
				"Mode"		"0"
			}
		}
		"npc_dota_hero_mirana"
		{
			"AbilityPrimary2QuickCast"
			{
				"Key"		"W"
				"Mode"		"0"
			}
			"AbilityPrimary2AutoCastAlternate2"
			{
				"Key"		"w"
				"Modifier"		"ALT"
				"Mode"		"0"
			}
			"AbilityPrimary1"
			{
				"Key"		"Q"
				"Mode"		"0"
			}
			"AbilityPrimary1AutoCast"
			{
				"Key"		"q"
				"Modifier"		"ALT"
				"Mode"		"0"
			}
			"AbilityPrimary3"
			{
				"Key"		"E"
				"Mode"		"0"
			}
			"AbilityPrimary3AutoCast"
			{
				"Key"		"e"
				"Modifier"		"ALT"
				"Mode"		"0"
			}
			"AbilitySecondary1"
			{
				"Key"		"D"
				"Mode"		"0"
			}
			"AbilitySecondary1AutoCast"
			{
				"Key"		"d"
				"Modifier"		"ALT"
				"Mode"		"0"
			}
			"AbilitySecondary2"
			{
				"Key"		"F"
				"Mode"		"0"
			}
			"AbilitySecondary2AutoCast"
			{
				"Key"		"f"
				"Modifier"		"ALT"
				"Mode"		"0"
			}
			"AbilityUltimate"
			{
				"Key"		"R"
				"Mode"		"0"
			}
			"AbilityUltimateAutoCast"
			{
				"Key"		"r"
				"Modifier"		"ALT"
				"Mode"		"0"
			}
		}
		"npc_dota_hero_monkey_king"
		{
			"AbilityPrimary1QuickCast"
			{
				"Key"		"Q"
				"Mode"		"0"
			}
			"AbilityPrimary1AutoCastAlternate2"
			{
				"Key"		"q"
				"Modifier"		"ALT"
				"Mode"		"0"
			}
			"AbilityUltimateQuickCast"
			{
				"Key"		"R"
				"Mode"		"0"
			}
			"AbilityUltimateAutoCastAlternate2"
			{
				"Key"		"r"
				"Modifier"		"ALT"
				"Mode"		"0"
			}
			"AbilityPrimary2"
			{
				"Key"		"W"
				"Mode"		"0"
			}
			"AbilityPrimary2AutoCast"
			{
				"Key"		"w"
				"Modifier"		"ALT"
				"Mode"		"0"
			}
			"AbilityPrimary3"
			{
				"Key"		"E"
				"Mode"		"0"
			}
			"AbilityPrimary3AutoCast"
			{
				"Key"		"e"
				"Modifier"		"ALT"
				"Mode"		"0"
			}
			"AbilitySecondary1"
			{
				"Key"		"D"
				"Mode"		"0"
			}
			"AbilitySecondary1AutoCast"
			{
				"Key"		"d"
				"Modifier"		"ALT"
				"Mode"		"0"
			}
			"AbilitySecondary2"
			{
				"Key"		"F"
				"Mode"		"0"
			}
			"AbilitySecondary2AutoCast"
			{
				"Key"		"f"
				"Modifier"		"ALT"
				"Mode"		"0"
			}
			"AbilityUltimate"
			{
				"Mode"		"0"
			}
			"AbilityUltimateAutoCast"
			{
				"Mode"		"0"
			}
		}
		"npc_dota_hero_morphling"
		{
			"AbilityPrimary1QuickCast"
			{
				"Key"		"Q"
				"Mode"		"0"
			}
			"AbilityPrimary1AutoCastAlternate2"
			{
				"Key"		"q"
				"Modifier"		"ALT"
				"Mode"		"0"
			}
			"AbilityPrimary2"
			{
				"Key"		"W"
				"Mode"		"0"
			}
			"AbilityPrimary2AutoCast"
			{
				"Key"		"w"
				"Modifier"		"ALT"
				"Mode"		"0"
			}
			"AbilityPrimary3"
			{
				"Key"		"E"
				"Mode"		"0"
			}
			"AbilityPrimary3AutoCast"
			{
				"Key"		"e"
				"Modifier"		"ALT"
				"Mode"		"0"
			}
			"AbilitySecondary1"
			{
				"Key"		"D"
				"Mode"		"0"
			}
			"AbilitySecondary1AutoCast"
			{
				"Key"		"d"
				"Modifier"		"ALT"
				"Mode"		"0"
			}
			"AbilitySecondary2"
			{
				"Key"		"F"
				"Mode"		"0"
			}
			"AbilitySecondary2AutoCast"
			{
				"Key"		"f"
				"Modifier"		"ALT"
				"Mode"		"0"
			}
			"AbilityUltimate"
			{
				"Key"		"R"
				"Mode"		"0"
			}
			"AbilityUltimateAutoCast"
			{
				"Key"		"r"
				"Modifier"		"ALT"
				"Mode"		"0"
			}
		}
		"npc_dota_hero_nyx_assassin"
		{
			"AbilityPrimary1QuickCast"
			{
				"Mode"		"0"
			}
			"AbilityPrimary1AutoCastAlternate2"
			{
				"Mode"		"0"
			}
			"AbilityPrimary2"
			{
				"Key"		"W"
				"Mode"		"0"
			}
			"AbilityPrimary2AutoCast"
			{
				"Key"		"w"
				"Modifier"		"ALT"
				"Mode"		"0"
			}
			"AbilityPrimary3"
			{
				"Key"		"E"
				"Mode"		"0"
			}
			"AbilityPrimary3AutoCast"
			{
				"Key"		"e"
				"Modifier"		"ALT"
				"Mode"		"0"
			}
			"AbilitySecondary1"
			{
				"Key"		"D"
				"Mode"		"0"
			}
			"AbilitySecondary1AutoCast"
			{
				"Key"		"d"
				"Modifier"		"ALT"
				"Mode"		"0"
			}
			"AbilitySecondary2"
			{
				"Key"		"F"
				"Mode"		"0"
			}
			"AbilitySecondary2AutoCast"
			{
				"Key"		"f"
				"Modifier"		"ALT"
				"Mode"		"0"
			}
			"AbilityUltimate"
			{
				"Key"		"R"
				"Mode"		"0"
			}
			"AbilityUltimateAutoCast"
			{
				"Key"		"r"
				"Modifier"		"ALT"
				"Mode"		"0"
			}
			"AbilityPrimary1"
			{
				"Mode"		"0"
				"Key"		"Q"
			}
			"AbilityPrimary1AutoCast"
			{
				"Mode"		"0"
				"Key"		"q"
				"Modifier"		"ALT"
			}
		}
		"npc_dota_hero_pangolier"
		{
			"AbilityPrimary1QuickCast"
			{
				"Key"		"Q"
				"Mode"		"0"
			}
			"AbilityPrimary1AutoCastAlternate2"
			{
				"Key"		"q"
				"Modifier"		"ALT"
				"Mode"		"0"
			}
			"AbilityPrimary2"
			{
				"Key"		"W"
				"Mode"		"0"
			}
			"AbilityPrimary2AutoCast"
			{
				"Key"		"w"
				"Modifier"		"ALT"
				"Mode"		"0"
			}
			"AbilityPrimary3"
			{
				"Key"		"E"
				"Mode"		"0"
			}
			"AbilityPrimary3AutoCast"
			{
				"Key"		"e"
				"Modifier"		"ALT"
				"Mode"		"0"
			}
			"AbilitySecondary1"
			{
				"Key"		"D"
				"Mode"		"0"
			}
			"AbilitySecondary1AutoCast"
			{
				"Key"		"d"
				"Modifier"		"ALT"
				"Mode"		"0"
			}
			"AbilitySecondary2"
			{
				"Key"		"F"
				"Mode"		"0"
			}
			"AbilitySecondary2AutoCast"
			{
				"Key"		"f"
				"Modifier"		"ALT"
				"Mode"		"0"
			}
			"AbilityUltimate"
			{
				"Key"		"R"
				"Mode"		"0"
			}
			"AbilityUltimateAutoCast"
			{
				"Key"		"r"
				"Modifier"		"ALT"
				"Mode"		"0"
			}
		}
		"npc_dota_hero_phantom_lancer"
		{
			"AbilityPrimary2QuickCast"
			{
				"Key"		"W"
				"Mode"		"0"
			}
			"AbilityPrimary2AutoCastAlternate2"
			{
				"Key"		"w"
				"Modifier"		"ALT"
				"Mode"		"0"
			}
			"AbilityPrimary1"
			{
				"Key"		"Q"
				"Mode"		"0"
			}
			"AbilityPrimary1AutoCast"
			{
				"Key"		"q"
				"Modifier"		"ALT"
				"Mode"		"0"
			}
			"AbilityPrimary3"
			{
				"Key"		"E"
				"Mode"		"0"
			}
			"AbilityPrimary3AutoCast"
			{
				"Key"		"e"
				"Modifier"		"ALT"
				"Mode"		"0"
			}
			"AbilitySecondary2"
			{
				"Key"		"F"
				"Mode"		"0"
			}
			"AbilitySecondary2AutoCast"
			{
				"Key"		"f"
				"Modifier"		"ALT"
				"Mode"		"0"
			}
			"AbilitySecondary1"
			{
				"Key"		"D"
				"Mode"		"0"
			}
			"AbilitySecondary1AutoCast"
			{
				"Key"		"d"
				"Modifier"		"ALT"
				"Mode"		"0"
			}
			"AbilityUltimate"
			{
				"Key"		"R"
				"Mode"		"0"
			}
			"AbilityUltimateAutoCast"
			{
				"Key"		"r"
				"Modifier"		"ALT"
				"Mode"		"0"
			}
		}
		"npc_dota_hero_riki"
		{
			"AbilityPrimary3QuickCast"
			{
				"Key"		"E"
				"Mode"		"0"
			}
			"AbilityPrimary3AutoCastAlternate2"
			{
				"Key"		"e"
				"Modifier"		"ALT"
				"Mode"		"0"
			}
			"AbilityPrimary1"
			{
				"Mode"		"0"
			}
			"AbilityPrimary1AutoCast"
			{
				"Mode"		"0"
			}
			"AbilityPrimary2"
			{
				"Key"		"W"
				"Mode"		"0"
			}
			"AbilityPrimary2AutoCast"
			{
				"Key"		"w"
				"Modifier"		"ALT"
				"Mode"		"0"
			}
			"AbilitySecondary1"
			{
				"Key"		"D"
				"Mode"		"0"
			}
			"AbilitySecondary1AutoCast"
			{
				"Key"		"d"
				"Modifier"		"ALT"
				"Mode"		"0"
			}
			"AbilitySecondary2"
			{
				"Key"		"F"
				"Mode"		"0"
			}
			"AbilitySecondary2AutoCast"
			{
				"Key"		"f"
				"Modifier"		"ALT"
				"Mode"		"0"
			}
			"AbilityUltimate"
			{
				"Key"		"R"
				"Mode"		"0"
			}
			"AbilityUltimateAutoCast"
			{
				"Key"		"r"
				"Modifier"		"ALT"
				"Mode"		"0"
			}
			"AbilityPrimary1QuickCast"
			{
				"Key"		"Q"
				"Mode"		"0"
			}
			"AbilityPrimary1AutoCastAlternate2"
			{
				"Key"		"q"
				"Modifier"		"ALT"
				"Mode"		"0"
			}
		}
		"npc_dota_hero_spectre"
		{
			"AbilityPrimary1QuickCast"
			{
				"Key"		"Q"
				"Mode"		"0"
			}
			"AbilityPrimary1AutoCastAlternate2"
			{
				"Key"		"q"
				"Modifier"		"ALT"
				"Mode"		"0"
			}
			"AbilitySecondary1QuickCast"
			{
				"Key"		"D"
				"Mode"		"0"
			}
			"AbilitySecondary1AutoCastAlternate2"
			{
				"Key"		"d"
				"Modifier"		"ALT"
				"Mode"		"0"
			}
			"AbilityPrimary2"
			{
				"Key"		"W"
				"Mode"		"0"
			}
			"AbilityPrimary2AutoCast"
			{
				"Key"		"w"
				"Modifier"		"ALT"
				"Mode"		"0"
			}
			"AbilityPrimary3"
			{
				"Key"		"E"
				"Mode"		"0"
			}
			"AbilityPrimary3AutoCast"
			{
				"Key"		"e"
				"Modifier"		"ALT"
				"Mode"		"0"
			}
			"AbilitySecondary2"
			{
				"Mode"		"0"
			}
			"AbilitySecondary2AutoCast"
			{
				"Mode"		"0"
			}
			"AbilityUltimate"
			{
				"Key"		"R"
				"Mode"		"0"
			}
			"AbilityUltimateAutoCast"
			{
				"Key"		"r"
				"Modifier"		"ALT"
				"Mode"		"0"
			}
			"AbilitySecondary2QuickCast"
			{
				"Mode"		"0"
				"Key"		"F"
			}
			"AbilitySecondary2AutoCastAlternate2"
			{
				"Mode"		"0"
				"Key"		"f"
				"Modifier"		"ALT"
			}
		}
		"npc_dota_hero_templar_assassin"
		{
			"AbilityUltimateQuickCast"
			{
				"Key"		"R"
				"Mode"		"0"
			}
			"AbilityUltimateAutoCastAlternate2"
			{
				"Key"		"r"
				"Modifier"		"ALT"
				"Mode"		"0"
			}
			"AbilitySecondary1QuickCast"
			{
				"Key"		"D"
				"Mode"		"0"
			}
			"AbilitySecondary1AutoCastAlternate2"
			{
				"Key"		"d"
				"Modifier"		"ALT"
				"Mode"		"0"
			}
			"AbilityPrimary1"
			{
				"Key"		"Q"
				"Mode"		"0"
			}
			"AbilityPrimary1AutoCast"
			{
				"Key"		"q"
				"Modifier"		"ALT"
				"Mode"		"0"
			}
			"AbilityPrimary2"
			{
				"Key"		"W"
				"Mode"		"0"
			}
			"AbilityPrimary2AutoCast"
			{
				"Key"		"w"
				"Modifier"		"ALT"
				"Mode"		"0"
			}
			"AbilityPrimary3"
			{
				"Key"		"E"
				"Mode"		"0"
			}
			"AbilityPrimary3AutoCast"
			{
				"Key"		"e"
				"Modifier"		"ALT"
				"Mode"		"0"
			}
			"AbilitySecondary2"
			{
				"Key"		"F"
				"Mode"		"0"
			}
			"AbilitySecondary2AutoCast"
			{
				"Key"		"f"
				"Modifier"		"ALT"
				"Mode"		"0"
			}
		}
		"npc_dota_hero_troll_warlord"
		{
			"AbilityPrimary2QuickCast"
			{
				"Key"		"W"
				"Mode"		"0"
			}
			"AbilityPrimary2AutoCastAlternate2"
			{
				"Key"		"w"
				"Modifier"		"ALT"
				"Mode"		"0"
			}
			"AbilityPrimary3QuickCast"
			{
				"Key"		"E"
				"Mode"		"0"
			}
			"AbilityPrimary3AutoCastAlternate2"
			{
				"Key"		"e"
				"Modifier"		"ALT"
				"Mode"		"0"
			}
			"AbilityPrimary1"
			{
				"Key"		"Q"
				"Mode"		"0"
			}
			"AbilityPrimary1AutoCast"
			{
				"Key"		"q"
				"Modifier"		"ALT"
				"Mode"		"0"
			}
			"AbilitySecondary1"
			{
				"Key"		"D"
				"Mode"		"0"
			}
			"AbilitySecondary1AutoCast"
			{
				"Key"		"d"
				"Modifier"		"ALT"
				"Mode"		"0"
			}
			"AbilitySecondary2"
			{
				"Key"		"F"
				"Mode"		"0"
			}
			"AbilitySecondary2AutoCast"
			{
				"Key"		"f"
				"Modifier"		"ALT"
				"Mode"		"0"
			}
			"AbilityUltimate"
			{
				"Key"		"R"
				"Mode"		"0"
			}
			"AbilityUltimateAutoCast"
			{
				"Key"		"r"
				"Modifier"		"ALT"
				"Mode"		"0"
			}
		}
		"npc_dota_hero_vengefulspirit"
		{
			"AbilityPrimary2QuickCast"
			{
				"Key"		"W"
				"Mode"		"0"
			}
			"AbilityPrimary2AutoCastAlternate2"
			{
				"Key"		"w"
				"Modifier"		"ALT"
				"Mode"		"0"
			}
			"AbilityPrimary1"
			{
				"Key"		"Q"
				"Mode"		"0"
			}
			"AbilityPrimary1AutoCast"
			{
				"Key"		"q"
				"Modifier"		"ALT"
				"Mode"		"0"
			}
			"AbilityPrimary3"
			{
				"Key"		"E"
				"Mode"		"0"
			}
			"AbilityPrimary3AutoCast"
			{
				"Key"		"e"
				"Modifier"		"ALT"
				"Mode"		"0"
			}
			"AbilitySecondary1"
			{
				"Key"		"D"
				"Mode"		"0"
			}
			"AbilitySecondary1AutoCast"
			{
				"Key"		"d"
				"Modifier"		"ALT"
				"Mode"		"0"
			}
			"AbilitySecondary2"
			{
				"Key"		"F"
				"Mode"		"0"
			}
			"AbilitySecondary2AutoCast"
			{
				"Key"		"f"
				"Modifier"		"ALT"
				"Mode"		"0"
			}
			"AbilityUltimate"
			{
				"Key"		"R"
				"Mode"		"0"
			}
			"AbilityUltimateAutoCast"
			{
				"Key"		"r"
				"Modifier"		"ALT"
				"Mode"		"0"
			}
		}
		"npc_dota_hero_venomancer"
		{
			"AbilityPrimary3QuickCast"
			{
				"Key"		"E"
				"Mode"		"0"
			}
			"AbilityPrimary3AutoCastAlternate2"
			{
				"Key"		"e"
				"Modifier"		"ALT"
				"Mode"		"0"
			}
			"AbilityPrimary1QuickCast"
			{
				"Key"		"Q"
				"Mode"		"0"
			}
			"AbilityPrimary1AutoCastAlternate2"
			{
				"Key"		"q"
				"Modifier"		"ALT"
				"Mode"		"0"
			}
			"AbilityPrimary2"
			{
				"Key"		"W"
				"Mode"		"0"
			}
			"AbilityPrimary2AutoCast"
			{
				"Key"		"w"
				"Modifier"		"ALT"
				"Mode"		"0"
			}
			"AbilitySecondary1"
			{
				"Key"		"D"
				"Mode"		"0"
			}
			"AbilitySecondary1AutoCast"
			{
				"Key"		"d"
				"Modifier"		"ALT"
				"Mode"		"0"
			}
			"AbilitySecondary2"
			{
				"Key"		"F"
				"Mode"		"0"
			}
			"AbilitySecondary2AutoCast"
			{
				"Key"		"f"
				"Modifier"		"ALT"
				"Mode"		"0"
			}
			"AbilityUltimate"
			{
				"Key"		"R"
				"Mode"		"0"
			}
			"AbilityUltimateAutoCast"
			{
				"Key"		"r"
				"Modifier"		"ALT"
				"Mode"		"0"
			}
		}
		"npc_dota_hero_viper"
		{
			"AbilityPrimary1AutoCastAlternate"
			{
				"Key"		"D"
				"Mode"		"0"
			}
			"AbilityPrimary1"
			{
				"Key"		"Q"
				"Mode"		"0"
			}
			"AbilityPrimary1AutoCast"
			{
				"Key"		"q"
				"Modifier"		"ALT"
				"Mode"		"0"
			}
			"AbilityPrimary2"
			{
				"Key"		"W"
				"Mode"		"0"
			}
			"AbilityPrimary2AutoCast"
			{
				"Key"		"w"
				"Modifier"		"ALT"
				"Mode"		"0"
			}
			"AbilityPrimary3"
			{
				"Key"		"E"
				"Mode"		"0"
			}
			"AbilityPrimary3AutoCast"
			{
				"Key"		"e"
				"Modifier"		"ALT"
				"Mode"		"0"
			}
			"AbilitySecondary1"
			{
				"Key"		"F"
				"Mode"		"0"
			}
			"AbilitySecondary1AutoCast"
			{
				"Key"		"f"
				"Modifier"		"ALT"
				"Mode"		"0"
			}
			"AbilityUltimate"
			{
				"Key"		"R"
				"Mode"		"0"
			}
			"AbilityUltimateAutoCast"
			{
				"Key"		"r"
				"Modifier"		"ALT"
				"Mode"		"0"
			}
			"AbilitySecondary1QuickCast"
			{
				"Mode"		"0"
			}
			"AbilitySecondary1AutoCastAlternate2"
			{
				"Mode"		"0"
			}
			"AbilitySecondary1AutoCastAlternate"
			{
				"Mode"		"0"
			}
		}
		"npc_dota_hero_weaver"
		{
			"AbilityPrimary1QuickCast"
			{
				"Key"		"Q"
				"Mode"		"0"
			}
			"AbilityPrimary1AutoCastAlternate2"
			{
				"Key"		"q"
				"Modifier"		"ALT"
				"Mode"		"0"
			}
			"AbilityPrimary2"
			{
				"Key"		"W"
				"Mode"		"0"
			}
			"AbilityPrimary2AutoCast"
			{
				"Key"		"w"
				"Modifier"		"ALT"
				"Mode"		"0"
			}
			"AbilityPrimary3"
			{
				"Key"		"E"
				"Mode"		"0"
			}
			"AbilityPrimary3AutoCast"
			{
				"Key"		"e"
				"Modifier"		"ALT"
				"Mode"		"0"
			}
			"AbilitySecondary1"
			{
				"Mode"		"0"
			}
			"AbilitySecondary1AutoCast"
			{
				"Mode"		"0"
			}
			"AbilitySecondary2"
			{
				"Mode"		"0"
			}
			"AbilitySecondary2AutoCast"
			{
				"Mode"		"0"
			}
			"AbilityUltimate"
			{
				"Key"		"R"
				"Mode"		"0"
			}
			"AbilityUltimateAutoCast"
			{
				"Key"		"r"
				"Modifier"		"ALT"
				"Mode"		"0"
			}
			"AbilityPrimary3AutoCastAlternate"
			{
				"Key"		"F"
				"Mode"		"0"
			}
			"AbilityUltimateAutoCastAlternate"
			{
				"Key"		"D"
				"Mode"		"0"
			}
		}
		"npc_dota_hero_ancient_apparition"
		{
			"AbilityPrimary2QuickCast"
			{
				"Key"		"W"
				"Mode"		"0"
			}
			"AbilityPrimary2AutoCastAlternate2"
			{
				"Key"		"w"
				"Modifier"		"ALT"
				"Mode"		"0"
			}
			"AbilityUltimateQuickCast"
			{
				"Key"		"R"
				"Mode"		"0"
			}
			"AbilityUltimateAutoCastAlternate2"
			{
				"Key"		"r"
				"Modifier"		"ALT"
				"Mode"		"0"
			}
			"AbilityPrimary1"
			{
				"Key"		"Q"
				"Mode"		"0"
			}
			"AbilityPrimary1AutoCast"
			{
				"Key"		"q"
				"Modifier"		"ALT"
				"Mode"		"0"
			}
			"AbilityPrimary3"
			{
				"Key"		"E"
				"Mode"		"0"
			}
			"AbilityPrimary3AutoCast"
			{
				"Key"		"e"
				"Modifier"		"ALT"
				"Mode"		"0"
			}
			"AbilitySecondary1AutoCastAlternate"
			{
				"Mode"		"0"
			}
			"AbilityPrimary3AutoCastAlternate"
			{
				"Key"		"D"
				"Mode"		"0"
			}
			"AbilitySecondary2"
			{
				"Key"		"F"
				"Mode"		"0"
			}
			"AbilitySecondary2AutoCast"
			{
				"Key"		"f"
				"Modifier"		"ALT"
				"Mode"		"0"
			}
		}
		"npc_dota_hero_bane"
		{
			"AbilityPrimary1AutoCastAlternate"
			{
				"Mode"		"0"
			}
			"AbilityPrimary2"
			{
				"Key"		"W"
				"Mode"		"0"
			}
			"AbilityPrimary2AutoCast"
			{
				"Key"		"w"
				"Modifier"		"ALT"
				"Mode"		"0"
			}
			"AbilityPrimary1"
			{
				"Key"		"Q"
				"Mode"		"0"
			}
			"AbilityPrimary1AutoCast"
			{
				"Key"		"q"
				"Modifier"		"ALT"
				"Mode"		"0"
			}
			"AbilityPrimary3"
			{
				"Key"		"E"
				"Mode"		"0"
			}
			"AbilityPrimary3AutoCast"
			{
				"Key"		"e"
				"Modifier"		"ALT"
				"Mode"		"0"
			}
			"AbilitySecondary2"
			{
				"Mode"		"0"
			}
			"AbilitySecondary2AutoCast"
			{
				"Mode"		"0"
			}
			"AbilityUltimate"
			{
				"Key"		"R"
				"Mode"		"0"
			}
			"AbilityUltimateAutoCast"
			{
				"Key"		"r"
				"Modifier"		"ALT"
				"Mode"		"0"
			}
			"AbilityPrimary3AutoCastAlternate"
			{
				"Key"		"D"
				"Mode"		"0"
			}
			"AbilitySecondary1"
			{
				"Key"		"F"
				"Mode"		"0"
			}
			"AbilitySecondary1AutoCast"
			{
				"Key"		"f"
				"Modifier"		"ALT"
				"Mode"		"0"
			}
		}
		"npc_dota_hero_batrider"
		{
			"AbilityPrimary1QuickCast"
			{
				"Mode"		"0"
			}
			"AbilityPrimary1AutoCastAlternate2"
			{
				"Mode"		"0"
			}
			"AbilityPrimary2"
			{
				"Key"		"W"
				"Mode"		"0"
			}
			"AbilityPrimary2AutoCast"
			{
				"Key"		"w"
				"Modifier"		"ALT"
				"Mode"		"0"
			}
			"AbilityPrimary3"
			{
				"Key"		"E"
				"Mode"		"0"
			}
			"AbilityPrimary3AutoCast"
			{
				"Key"		"e"
				"Modifier"		"ALT"
				"Mode"		"0"
			}
			"AbilitySecondary1"
			{
				"Key"		"D"
				"Mode"		"0"
			}
			"AbilitySecondary1AutoCast"
			{
				"Key"		"d"
				"Modifier"		"ALT"
				"Mode"		"0"
			}
			"AbilitySecondary2"
			{
				"Key"		"F"
				"Mode"		"0"
			}
			"AbilitySecondary2AutoCast"
			{
				"Key"		"f"
				"Modifier"		"ALT"
				"Mode"		"0"
			}
			"AbilityUltimate"
			{
				"Key"		"R"
				"Mode"		"0"
			}
			"AbilityUltimateAutoCast"
			{
				"Key"		"r"
				"Modifier"		"ALT"
				"Mode"		"0"
			}
			"AbilityPrimary1"
			{
				"Key"		"Q"
				"Mode"		"0"
			}
			"AbilityPrimary1AutoCast"
			{
				"Key"		"q"
				"Modifier"		"ALT"
				"Mode"		"0"
			}
		}
		"npc_dota_hero_dark_seer"
		{
			"AbilityPrimary2AutoCastAlternate"
			{
				"Key"		"D"
				"Mode"		"0"
			}
			"AbilityPrimary3AutoCastAlternate"
			{
				"Key"		"F"
				"Mode"		"0"
			}
			"AbilityUltimateQuickCast"
			{
				"Key"		"R"
				"Mode"		"0"
			}
			"AbilityUltimateAutoCastAlternate2"
			{
				"Key"		"r"
				"Modifier"		"ALT"
				"Mode"		"0"
			}
			"AbilityPrimary1"
			{
				"Key"		"Q"
				"Mode"		"0"
			}
			"AbilityPrimary1AutoCast"
			{
				"Key"		"q"
				"Modifier"		"ALT"
				"Mode"		"0"
			}
			"AbilityPrimary3"
			{
				"Key"		"E"
				"Mode"		"0"
			}
			"AbilityPrimary3AutoCast"
			{
				"Key"		"e"
				"Modifier"		"ALT"
				"Mode"		"0"
			}
			"AbilityPrimary2"
			{
				"Key"		"W"
				"Mode"		"0"
			}
			"AbilityPrimary2AutoCast"
			{
				"Key"		"w"
				"Modifier"		"ALT"
				"Mode"		"0"
			}
		}
		"npc_dota_hero_dazzle"
		{
			"AbilityPrimary2AutoCastAlternate"
			{
				"Key"		"D"
				"Mode"		"0"
			}
			"AbilityPrimary3AutoCastAlternate"
			{
				"Mode"		"0"
				"Key"		"F"
			}
			"AbilityPrimary3QuickCast"
			{
				"Mode"		"0"
			}
			"AbilityPrimary3AutoCastAlternate2"
			{
				"Mode"		"0"
			}
			"AbilityPrimary1"
			{
				"Key"		"Q"
				"Mode"		"0"
			}
			"AbilityPrimary1AutoCast"
			{
				"Key"		"q"
				"Modifier"		"ALT"
				"Mode"		"0"
			}
			"AbilityPrimary2"
			{
				"Key"		"W"
				"Mode"		"0"
			}
			"AbilityPrimary2AutoCast"
			{
				"Key"		"w"
				"Modifier"		"ALT"
				"Mode"		"0"
			}
			"AbilityUltimate"
			{
				"Key"		"R"
				"Mode"		"0"
			}
			"AbilityUltimateAutoCast"
			{
				"Key"		"r"
				"Modifier"		"ALT"
				"Mode"		"0"
			}
			"AbilityPrimary3"
			{
				"Key"		"E"
				"Mode"		"0"
			}
			"AbilityPrimary3AutoCast"
			{
				"Key"		"e"
				"Modifier"		"ALT"
				"Mode"		"0"
			}
			"AbilitySecondary2"
			{
				"Key"		"D"
				"Mode"		"0"
				"Modifier"		"ALT"
			}
			"AbilitySecondary2AutoCast"
			{
				"Mode"		"0"
			}
		}
		"npc_dota_hero_death_prophet"
		{
			"AbilityPrimary1QuickCast"
			{
				"Key"		"Q"
				"Mode"		"0"
			}
			"AbilityPrimary1AutoCastAlternate2"
			{
				"Key"		"q"
				"Modifier"		"ALT"
				"Mode"		"0"
			}
			"AbilityPrimary2"
			{
				"Key"		"W"
				"Mode"		"0"
			}
			"AbilityPrimary2AutoCast"
			{
				"Key"		"w"
				"Modifier"		"ALT"
				"Mode"		"0"
			}
			"AbilityPrimary3"
			{
				"Key"		"E"
				"Mode"		"0"
			}
			"AbilityPrimary3AutoCast"
			{
				"Key"		"e"
				"Modifier"		"ALT"
				"Mode"		"0"
			}
			"AbilitySecondary1"
			{
				"Key"		"D"
				"Mode"		"0"
			}
			"AbilitySecondary1AutoCast"
			{
				"Key"		"d"
				"Modifier"		"ALT"
				"Mode"		"0"
			}
			"AbilitySecondary2"
			{
				"Key"		"F"
				"Mode"		"0"
			}
			"AbilitySecondary2AutoCast"
			{
				"Key"		"f"
				"Modifier"		"ALT"
				"Mode"		"0"
			}
			"AbilityUltimate"
			{
				"Key"		"R"
				"Mode"		"0"
			}
			"AbilityUltimateAutoCast"
			{
				"Key"		"r"
				"Modifier"		"ALT"
				"Mode"		"0"
			}
		}
		"npc_dota_hero_enchantress"
		{
			"AbilityPrimary1AutoCastAlternate"
			{
				"Key"		"D"
				"Mode"		"0"
			}
			"AbilityPrimary2"
			{
				"Key"		"W"
				"Mode"		"0"
			}
			"AbilityPrimary2AutoCast"
			{
				"Key"		"w"
				"Modifier"		"ALT"
				"Mode"		"0"
			}
			"AbilityPrimary3"
			{
				"Key"		"E"
				"Mode"		"0"
			}
			"AbilityPrimary3AutoCast"
			{
				"Key"		"e"
				"Modifier"		"ALT"
				"Mode"		"0"
			}
			"AbilitySecondary2"
			{
				"Mode"		"0"
			}
			"AbilitySecondary2AutoCast"
			{
				"Mode"		"0"
			}
			"AbilityUltimate"
			{
				"Key"		"R"
				"Mode"		"0"
			}
			"AbilityUltimateAutoCast"
			{
				"Key"		"r"
				"Modifier"		"ALT"
				"Mode"		"0"
			}
			"AbilityPrimary1"
			{
				"Key"		"Q"
				"Mode"		"0"
			}
			"AbilityPrimary1AutoCast"
			{
				"Key"		"q"
				"Modifier"		"ALT"
				"Mode"		"0"
			}
			"AbilitySecondary1"
			{
				"Key"		"F"
				"Mode"		"0"
			}
			"AbilitySecondary1AutoCast"
			{
				"Key"		"f"
				"Modifier"		"ALT"
				"Mode"		"0"
			}
		}
		"npc_dota_hero_enigma"
		{
			"AbilityPrimary3QuickCast"
			{
				"Key"		"E"
				"Mode"		"0"
			}
			"AbilityPrimary3AutoCastAlternate2"
			{
				"Key"		"e"
				"Modifier"		"ALT"
				"Mode"		"0"
			}
			"AbilityPrimary1"
			{
				"Key"		"Q"
				"Mode"		"0"
			}
			"AbilityPrimary1AutoCast"
			{
				"Key"		"q"
				"Modifier"		"ALT"
				"Mode"		"0"
			}
			"AbilityPrimary2"
			{
				"Key"		"W"
				"Mode"		"0"
			}
			"AbilityPrimary2AutoCast"
			{
				"Key"		"w"
				"Modifier"		"ALT"
				"Mode"		"0"
			}
			"AbilityUltimate"
			{
				"Key"		"R"
				"Mode"		"0"
			}
			"AbilityUltimateAutoCast"
			{
				"Key"		"r"
				"Modifier"		"ALT"
				"Mode"		"0"
			}
			"AbilitySecondary1"
			{
				"Key"		"D"
				"Mode"		"0"
			}
			"AbilitySecondary1AutoCast"
			{
				"Key"		"d"
				"Modifier"		"ALT"
				"Mode"		"0"
			}
			"AbilitySecondary2"
			{
				"Key"		"F"
				"Mode"		"0"
			}
			"AbilitySecondary2AutoCast"
			{
				"Key"		"f"
				"Modifier"		"ALT"
				"Mode"		"0"
			}
		}
		"npc_dota_hero_grimstroke"
		{
			"AbilityPrimary1QuickCast"
			{
				"Key"		"Q"
				"Mode"		"0"
			}
			"AbilityPrimary1AutoCastAlternate2"
			{
				"Key"		"q"
				"Modifier"		"ALT"
				"Mode"		"0"
			}
			"AbilityPrimary3AutoCastAlternate"
			{
				"Key"		"D"
				"Mode"		"0"
			}
			"AbilityPrimary2"
			{
				"Key"		"W"
				"Mode"		"0"
			}
			"AbilityPrimary2AutoCast"
			{
				"Key"		"w"
				"Modifier"		"ALT"
				"Mode"		"0"
			}
			"AbilityUltimate"
			{
				"Key"		"R"
				"Mode"		"0"
			}
			"AbilityUltimateAutoCast"
			{
				"Key"		"r"
				"Modifier"		"ALT"
				"Mode"		"0"
			}
			"AbilitySecondary2"
			{
				"Mode"		"0"
			}
			"AbilitySecondary2AutoCast"
			{
				"Mode"		"0"
			}
			"AbilitySecondary1"
			{
				"Mode"		"0"
				"Key"		"F"
			}
			"AbilitySecondary1AutoCast"
			{
				"Mode"		"0"
				"Key"		"f"
				"Modifier"		"ALT"
			}
			"AbilityPrimary3"
			{
				"Key"		"E"
				"Mode"		"0"
			}
			"AbilityPrimary3AutoCast"
			{
				"Key"		"e"
				"Modifier"		"ALT"
				"Mode"		"0"
			}
		}
		"npc_dota_hero_jakiro"
		{
			"AbilityPrimary1QuickCast"
			{
				"Key"		"Q"
				"Mode"		"0"
			}
			"AbilityPrimary1AutoCastAlternate2"
			{
				"Key"		"q"
				"Modifier"		"ALT"
				"Mode"		"0"
			}
			"AbilityPrimary2QuickCast"
			{
				"Mode"		"0"
				"Key"		"W"
			}
			"AbilityPrimary2AutoCastAlternate2"
			{
				"Mode"		"0"
				"Key"		"w"
				"Modifier"		"ALT"
			}
			"AbilityPrimary3AutoCastAlternate"
			{
				"Key"		"D"
				"Mode"		"0"
			}
			"AbilityPrimary3"
			{
				"Key"		"E"
				"Mode"		"0"
			}
			"AbilityPrimary3AutoCast"
			{
				"Key"		"e"
				"Modifier"		"ALT"
				"Mode"		"0"
			}
			"AbilityUltimate"
			{
				"Key"		"R"
				"Mode"		"0"
			}
			"AbilityUltimateAutoCast"
			{
				"Key"		"r"
				"Modifier"		"ALT"
				"Mode"		"0"
			}
			"AbilitySecondary2"
			{
				"Mode"		"0"
			}
			"AbilitySecondary2AutoCast"
			{
				"Mode"		"0"
			}
			"AbilitySecondary1"
			{
				"Key"		"F"
				"Mode"		"0"
			}
			"AbilitySecondary1AutoCast"
			{
				"Key"		"f"
				"Modifier"		"ALT"
				"Mode"		"0"
			}
			"AbilityPrimary2"
			{
				"Mode"		"0"
			}
			"AbilityPrimary2AutoCast"
			{
				"Mode"		"0"
			}
		}
		"npc_dota_hero_keeper_of_the_light"
		{
			"AbilityPrimary1QuickCast"
			{
				"Key"		"Q"
				"Mode"		"0"
			}
			"AbilityPrimary1AutoCastAlternate2"
			{
				"Key"		"q"
				"Modifier"		"ALT"
				"Mode"		"0"
			}
			"AbilityPrimary3AutoCastAlternate"
			{
				"Key"		"D"
				"Mode"		"0"
			}
			"AbilityPrimary2"
			{
				"Key"		"W"
				"Mode"		"0"
			}
			"AbilityPrimary2AutoCast"
			{
				"Key"		"w"
				"Modifier"		"ALT"
				"Mode"		"0"
			}
			"AbilityPrimary3"
			{
				"Key"		"E"
				"Mode"		"0"
			}
			"AbilityPrimary3AutoCast"
			{
				"Key"		"e"
				"Modifier"		"ALT"
				"Mode"		"0"
			}
			"AbilitySecondary1"
			{
				"Key"		"D"
				"Mode"		"0"
				"Modifier"		"ALT"
			}
			"AbilitySecondary1AutoCast"
			{
				"Mode"		"0"
			}
			"AbilityUltimate"
			{
				"Key"		"R"
				"Mode"		"0"
			}
			"AbilityUltimateAutoCast"
			{
				"Key"		"r"
				"Modifier"		"ALT"
				"Mode"		"0"
			}
			"AbilitySecondary2"
			{
				"Key"		"F"
				"Mode"		"0"
			}
			"AbilitySecondary2AutoCast"
			{
				"Key"		"f"
				"Modifier"		"ALT"
				"Mode"		"0"
			}
		}
		"npc_dota_hero_lich"
		{
			"AbilityPrimary2AutoCastAlternate"
			{
				"Key"		"D"
				"Mode"		"0"
			}
			"AbilityPrimary1"
			{
				"Key"		"Q"
				"Mode"		"0"
			}
			"AbilityPrimary1AutoCast"
			{
				"Key"		"q"
				"Modifier"		"ALT"
				"Mode"		"0"
			}
			"AbilityPrimary3"
			{
				"Key"		"E"
				"Mode"		"0"
			}
			"AbilityPrimary3AutoCast"
			{
				"Key"		"e"
				"Modifier"		"ALT"
				"Mode"		"0"
			}
			"AbilityUltimate"
			{
				"Key"		"R"
				"Mode"		"0"
			}
			"AbilityUltimateAutoCast"
			{
				"Key"		"r"
				"Modifier"		"ALT"
				"Mode"		"0"
			}
			"AbilitySecondary2"
			{
				"Mode"		"0"
			}
			"AbilitySecondary2AutoCast"
			{
				"Mode"		"0"
			}
			"AbilityPrimary2"
			{
				"Key"		"W"
				"Mode"		"0"
			}
			"AbilityPrimary2AutoCast"
			{
				"Key"		"w"
				"Modifier"		"ALT"
				"Mode"		"0"
			}
			"AbilitySecondary1"
			{
				"Key"		"F"
				"Mode"		"0"
			}
			"AbilitySecondary1AutoCast"
			{
				"Key"		"f"
				"Modifier"		"ALT"
				"Mode"		"0"
			}
		}
		"npc_dota_hero_lina"
		{
			"AbilityPrimary1QuickCast"
			{
				"Key"		"Q"
				"Mode"		"0"
			}
			"AbilityPrimary1AutoCastAlternate2"
			{
				"Key"		"q"
				"Modifier"		"ALT"
				"Mode"		"0"
			}
			"AbilityPrimary2"
			{
				"Key"		"W"
				"Mode"		"0"
			}
			"AbilityPrimary2AutoCast"
			{
				"Key"		"w"
				"Modifier"		"ALT"
				"Mode"		"0"
			}
			"AbilityPrimary3"
			{
				"Key"		"E"
				"Mode"		"0"
			}
			"AbilityPrimary3AutoCast"
			{
				"Key"		"e"
				"Modifier"		"ALT"
				"Mode"		"0"
			}
			"AbilityUltimate"
			{
				"Key"		"R"
				"Mode"		"0"
			}
			"AbilityUltimateAutoCast"
			{
				"Key"		"r"
				"Modifier"		"ALT"
				"Mode"		"0"
			}
			"AbilitySecondary1"
			{
				"Key"		"D"
				"Mode"		"0"
			}
			"AbilitySecondary1AutoCast"
			{
				"Key"		"d"
				"Modifier"		"ALT"
				"Mode"		"0"
			}
			"AbilitySecondary2"
			{
				"Key"		"F"
				"Mode"		"0"
			}
			"AbilitySecondary2AutoCast"
			{
				"Key"		"f"
				"Modifier"		"ALT"
				"Mode"		"0"
			}
		}
		"npc_dota_hero_lion"
		{
			"AbilityPrimary1QuickCast"
			{
				"Mode"		"0"
				"Key"		"Q"
			}
			"AbilityPrimary1AutoCastAlternate2"
			{
				"Mode"		"0"
				"Key"		"q"
				"Modifier"		"ALT"
			}
			"AbilityPrimary2"
			{
				"Key"		"W"
				"Mode"		"0"
			}
			"AbilityPrimary2AutoCast"
			{
				"Key"		"w"
				"Modifier"		"ALT"
				"Mode"		"0"
			}
			"AbilityPrimary3"
			{
				"Key"		"E"
				"Mode"		"0"
			}
			"AbilityPrimary3AutoCast"
			{
				"Key"		"e"
				"Modifier"		"ALT"
				"Mode"		"0"
			}
			"AbilitySecondary1"
			{
				"Key"		"D"
				"Mode"		"0"
			}
			"AbilitySecondary1AutoCast"
			{
				"Key"		"d"
				"Modifier"		"ALT"
				"Mode"		"0"
			}
			"AbilitySecondary2"
			{
				"Key"		"F"
				"Mode"		"0"
			}
			"AbilitySecondary2AutoCast"
			{
				"Key"		"f"
				"Modifier"		"ALT"
				"Mode"		"0"
			}
			"AbilityUltimate"
			{
				"Key"		"R"
				"Mode"		"0"
			}
			"AbilityUltimateAutoCast"
			{
				"Key"		"r"
				"Modifier"		"ALT"
				"Mode"		"0"
			}
			"AbilityPrimary1"
			{
				"Mode"		"0"
			}
			"AbilityPrimary1AutoCast"
			{
				"Mode"		"0"
			}
		}
		"npc_dota_hero_furion"
		{
			"AbilityPrimary1AutoCastAlternate"
			{
				"Key"		"D"
				"Mode"		"0"
			}
			"AbilityUltimateQuickCast"
			{
				"Key"		"R"
				"Mode"		"0"
			}
			"AbilityUltimateAutoCastAlternate2"
			{
				"Key"		"r"
				"Modifier"		"ALT"
				"Mode"		"0"
			}
			"AbilityPrimary1"
			{
				"Key"		"Q"
				"Mode"		"0"
			}
			"AbilityPrimary1AutoCast"
			{
				"Key"		"q"
				"Modifier"		"ALT"
				"Mode"		"0"
			}
			"AbilityPrimary2"
			{
				"Key"		"W"
				"Mode"		"0"
			}
			"AbilityPrimary2AutoCast"
			{
				"Key"		"w"
				"Modifier"		"ALT"
				"Mode"		"0"
			}
			"AbilityPrimary3"
			{
				"Key"		"E"
				"Mode"		"0"
			}
			"AbilityPrimary3AutoCast"
			{
				"Key"		"e"
				"Modifier"		"ALT"
				"Mode"		"0"
			}
			"AbilitySecondary2"
			{
				"Mode"		"0"
			}
			"AbilitySecondary2AutoCast"
			{
				"Mode"		"0"
			}
			"AbilityPrimary2AutoCastAlternate"
			{
				"Key"		"F"
				"Mode"		"0"
			}
		}
		"npc_dota_hero_ogre_magi"
		{
			"AbilityPrimary3AutoCastAlternate"
			{
				"Mode"		"0"
			}
			"AbilitySecondary1"
			{
				"Key"		"D"
				"Mode"		"0"
			}
			"AbilitySecondary1AutoCast"
			{
				"Key"		"d"
				"Modifier"		"ALT"
				"Mode"		"0"
			}
			"AbilityPrimary1"
			{
				"Key"		"Q"
				"Mode"		"0"
			}
			"AbilityPrimary1AutoCast"
			{
				"Key"		"q"
				"Modifier"		"ALT"
				"Mode"		"0"
			}
			"AbilityPrimary2"
			{
				"Key"		"W"
				"Mode"		"0"
			}
			"AbilityPrimary2AutoCast"
			{
				"Key"		"w"
				"Modifier"		"ALT"
				"Mode"		"0"
			}
			"AbilityPrimary3"
			{
				"Key"		"E"
				"Mode"		"0"
			}
			"AbilityPrimary3AutoCast"
			{
				"Key"		"e"
				"Modifier"		"ALT"
				"Mode"		"0"
			}
			"AbilityUltimate"
			{
				"Key"		"R"
				"Mode"		"0"
			}
			"AbilityUltimateAutoCast"
			{
				"Key"		"r"
				"Modifier"		"ALT"
				"Mode"		"0"
			}
			"AbilitySecondary2"
			{
				"Key"		"F"
				"Mode"		"0"
			}
			"AbilitySecondary2AutoCast"
			{
				"Key"		"f"
				"Modifier"		"ALT"
				"Mode"		"0"
			}
		}
		"npc_dota_hero_oracle"
		{
			"AbilityPrimary2AutoCastAlternate"
			{
				"Key"		"D"
				"Mode"		"0"
			}
			"AbilityPrimary3AutoCastAlternate"
			{
				"Key"		"F"
				"Mode"		"0"
			}
			"AbilityPrimary1"
			{
				"Key"		"Q"
				"Mode"		"0"
			}
			"AbilityPrimary1AutoCast"
			{
				"Key"		"q"
				"Modifier"		"ALT"
				"Mode"		"0"
			}
			"AbilityPrimary2"
			{
				"Key"		"W"
				"Mode"		"0"
			}
			"AbilityPrimary2AutoCast"
			{
				"Key"		"w"
				"Modifier"		"ALT"
				"Mode"		"0"
			}
			"AbilityPrimary3"
			{
				"Key"		"E"
				"Mode"		"0"
			}
			"AbilityPrimary3AutoCast"
			{
				"Key"		"e"
				"Modifier"		"ALT"
				"Mode"		"0"
			}
			"AbilityUltimate"
			{
				"Key"		"R"
				"Mode"		"0"
			}
			"AbilityUltimateAutoCast"
			{
				"Key"		"r"
				"Modifier"		"ALT"
				"Mode"		"0"
			}
		}
		"npc_dota_hero_obsidian_destroyer"
		{
			"AbilityPrimary1AutoCastAlternate"
			{
				"Key"		"D"
				"Mode"		"0"
			}
			"AbilityPrimary2AutoCastAlternate"
			{
				"Key"		"F"
				"Mode"		"0"
			}
			"AbilityPrimary1"
			{
				"Key"		"Q"
				"Mode"		"0"
			}
			"AbilityPrimary1AutoCast"
			{
				"Key"		"q"
				"Modifier"		"ALT"
				"Mode"		"0"
			}
			"AbilityPrimary2"
			{
				"Key"		"W"
				"Mode"		"0"
			}
			"AbilityPrimary2AutoCast"
			{
				"Key"		"w"
				"Modifier"		"ALT"
				"Mode"		"0"
			}
			"AbilityUltimate"
			{
				"Key"		"R"
				"Mode"		"0"
			}
			"AbilityUltimateAutoCast"
			{
				"Key"		"r"
				"Modifier"		"ALT"
				"Mode"		"0"
			}
			"AbilityPrimary3"
			{
				"Key"		"E"
				"Mode"		"0"
			}
			"AbilityPrimary3AutoCast"
			{
				"Key"		"e"
				"Modifier"		"ALT"
				"Mode"		"0"
			}
		}
		"npc_dota_hero_puck"
		{
			"AbilityPrimary1QuickCast"
			{
				"Key"		"Q"
				"Mode"		"0"
			}
			"AbilityPrimary1AutoCastAlternate2"
			{
				"Key"		"q"
				"Modifier"		"ALT"
				"Mode"		"0"
			}
			"AbilityPrimary2"
			{
				"Mode"		"0"
			}
			"AbilityPrimary2AutoCast"
			{
				"Mode"		"0"
			}
			"AbilityPrimary3"
			{
				"Key"		"E"
				"Mode"		"0"
			}
			"AbilityPrimary3AutoCast"
			{
				"Key"		"e"
				"Modifier"		"ALT"
				"Mode"		"0"
			}
			"AbilitySecondary1"
			{
				"Key"		"D"
				"Mode"		"0"
			}
			"AbilitySecondary1AutoCast"
			{
				"Key"		"d"
				"Modifier"		"ALT"
				"Mode"		"0"
			}
			"AbilitySecondary2"
			{
				"Key"		"F"
				"Mode"		"0"
			}
			"AbilitySecondary2AutoCast"
			{
				"Key"		"f"
				"Modifier"		"ALT"
				"Mode"		"0"
			}
			"AbilityUltimate"
			{
				"Key"		"R"
				"Mode"		"0"
			}
			"AbilityUltimateAutoCast"
			{
				"Key"		"r"
				"Modifier"		"ALT"
				"Mode"		"0"
			}
			"AbilityPrimary2QuickCast"
			{
				"Key"		"W"
				"Mode"		"0"
			}
			"AbilityPrimary2AutoCastAlternate2"
			{
				"Key"		"w"
				"Modifier"		"ALT"
				"Mode"		"0"
			}
		}
		"npc_dota_hero_pugna"
		{
			"AbilityPrimary2AutoCastAlternate"
			{
				"Key"		"D"
				"Mode"		"0"
			}
			"AbilityPrimary3QuickCast"
			{
				"Key"		"E"
				"Mode"		"0"
			}
			"AbilityPrimary3AutoCastAlternate2"
			{
				"Key"		"e"
				"Modifier"		"ALT"
				"Mode"		"0"
			}
			"AbilityPrimary1"
			{
				"Key"		"Q"
				"Mode"		"0"
			}
			"AbilityPrimary1AutoCast"
			{
				"Key"		"q"
				"Modifier"		"ALT"
				"Mode"		"0"
			}
			"AbilityPrimary2"
			{
				"Key"		"W"
				"Mode"		"0"
			}
			"AbilityPrimary2AutoCast"
			{
				"Key"		"w"
				"Modifier"		"ALT"
				"Mode"		"0"
			}
			"AbilitySecondary1"
			{
				"Key"		"F"
				"Mode"		"0"
			}
			"AbilitySecondary1AutoCast"
			{
				"Key"		"f"
				"Modifier"		"ALT"
				"Mode"		"0"
			}
			"AbilityUltimate"
			{
				"Key"		"R"
				"Mode"		"0"
			}
			"AbilityUltimateAutoCast"
			{
				"Key"		"r"
				"Modifier"		"ALT"
				"Mode"		"0"
			}
			"AbilityPrimary3"
			{
				"Mode"		"0"
			}
			"AbilityPrimary3AutoCast"
			{
				"Mode"		"0"
			}
		}
		"npc_dota_hero_queenofpain"
		{
			"AbilityPrimary2QuickCast"
			{
				"Key"		"W"
				"Mode"		"0"
			}
			"AbilityPrimary2AutoCastAlternate2"
			{
				"Key"		"w"
				"Modifier"		"ALT"
				"Mode"		"0"
			}
			"AbilityUltimateQuickCast"
			{
				"Key"		"R"
				"Mode"		"0"
			}
			"AbilityUltimateAutoCastAlternate2"
			{
				"Key"		"r"
				"Modifier"		"ALT"
				"Mode"		"0"
			}
			"AbilityPrimary1"
			{
				"Key"		"Q"
				"Mode"		"0"
			}
			"AbilityPrimary1AutoCast"
			{
				"Key"		"q"
				"Modifier"		"ALT"
				"Mode"		"0"
			}
			"AbilityPrimary3"
			{
				"Key"		"E"
				"Mode"		"0"
			}
			"AbilityPrimary3AutoCast"
			{
				"Key"		"e"
				"Modifier"		"ALT"
				"Mode"		"0"
			}
			"AbilitySecondary1"
			{
				"Key"		"D"
				"Mode"		"0"
			}
			"AbilitySecondary1AutoCast"
			{
				"Key"		"d"
				"Modifier"		"ALT"
				"Mode"		"0"
			}
			"AbilitySecondary2"
			{
				"Key"		"F"
				"Mode"		"0"
			}
			"AbilitySecondary2AutoCast"
			{
				"Key"		"f"
				"Modifier"		"ALT"
				"Mode"		"0"
			}
		}
		"npc_dota_hero_shadow_demon"
		{
			"AbilityPrimary3QuickCast"
			{
				"Key"		"E"
				"Mode"		"0"
			}
			"AbilityPrimary3AutoCastAlternate2"
			{
				"Key"		"e"
				"Modifier"		"ALT"
				"Mode"		"0"
			}
			"AbilityPrimary1AutoCastAlternate"
			{
				"Mode"		"0"
			}
			"AbilitySecondary1"
			{
				"Key"		"F"
				"Mode"		"0"
			}
			"AbilitySecondary1AutoCast"
			{
				"Key"		"f"
				"Modifier"		"ALT"
				"Mode"		"0"
			}
			"AbilityPrimary1"
			{
				"Key"		"Q"
				"Mode"		"0"
			}
			"AbilityPrimary1AutoCast"
			{
				"Key"		"q"
				"Modifier"		"ALT"
				"Mode"		"0"
			}
			"AbilityPrimary2"
			{
				"Key"		"W"
				"Mode"		"0"
			}
			"AbilityPrimary2AutoCast"
			{
				"Key"		"w"
				"Modifier"		"ALT"
				"Mode"		"0"
			}
			"AbilityUltimate"
			{
				"Key"		"R"
				"Mode"		"0"
			}
			"AbilityUltimateAutoCast"
			{
				"Key"		"r"
				"Modifier"		"ALT"
				"Mode"		"0"
			}
			"AbilitySecondary2"
			{
				"Key"		"D"
				"Mode"		"0"
			}
			"AbilitySecondary2AutoCast"
			{
				"Key"		"d"
				"Modifier"		"ALT"
				"Mode"		"0"
			}
		}
		"npc_dota_hero_silencer"
		{
			"AbilityPrimary2AutoCastAlternate"
			{
				"Key"		"D"
				"Mode"		"0"
			}
			"AbilityPrimary1"
			{
				"Key"		"Q"
				"Mode"		"0"
			}
			"AbilityPrimary1AutoCast"
			{
				"Key"		"q"
				"Modifier"		"ALT"
				"Mode"		"0"
			}
			"AbilityPrimary3"
			{
				"Key"		"E"
				"Mode"		"0"
			}
			"AbilityPrimary3AutoCast"
			{
				"Key"		"e"
				"Modifier"		"ALT"
				"Mode"		"0"
			}
			"AbilityUltimate"
			{
				"Key"		"R"
				"Mode"		"0"
			}
			"AbilityUltimateAutoCast"
			{
				"Key"		"r"
				"Modifier"		"ALT"
				"Mode"		"0"
			}
			"AbilitySecondary2"
			{
				"Key"		"F"
				"Mode"		"0"
			}
			"AbilitySecondary2AutoCast"
			{
				"Key"		"f"
				"Modifier"		"ALT"
				"Mode"		"0"
			}
			"AbilityPrimary2"
			{
				"Key"		"W"
				"Mode"		"0"
			}
			"AbilityPrimary2AutoCast"
			{
				"Key"		"w"
				"Modifier"		"ALT"
				"Mode"		"0"
			}
		}
		"npc_dota_hero_skywrath_mage"
		{
			"AbilityUltimateQuickCast"
			{
				"Mode"		"0"
				"Key"		"R"
			}
			"AbilityUltimateAutoCastAlternate2"
			{
				"Mode"		"0"
				"Key"		"r"
				"Modifier"		"ALT"
			}
			"AbilityPrimary2QuickCast"
			{
				"Key"		"W"
				"Mode"		"0"
			}
			"AbilityPrimary2AutoCastAlternate2"
			{
				"Key"		"w"
				"Modifier"		"ALT"
				"Mode"		"0"
			}
			"AbilityPrimary1"
			{
				"Key"		"Q"
				"Mode"		"0"
			}
			"AbilityPrimary1AutoCast"
			{
				"Key"		"q"
				"Modifier"		"ALT"
				"Mode"		"0"
			}
			"AbilityPrimary3"
			{
				"Key"		"E"
				"Mode"		"0"
			}
			"AbilityPrimary3AutoCast"
			{
				"Key"		"e"
				"Modifier"		"ALT"
				"Mode"		"0"
			}
			"AbilitySecondary1"
			{
				"Key"		"D"
				"Mode"		"0"
			}
			"AbilitySecondary1AutoCast"
			{
				"Key"		"d"
				"Modifier"		"ALT"
				"Mode"		"0"
			}
			"AbilitySecondary2"
			{
				"Key"		"F"
				"Mode"		"0"
			}
			"AbilitySecondary2AutoCast"
			{
				"Key"		"f"
				"Modifier"		"ALT"
				"Mode"		"0"
			}
			"AbilityUltimate"
			{
				"Mode"		"0"
			}
			"AbilityUltimateAutoCast"
			{
				"Mode"		"0"
			}
		}
		"npc_dota_hero_storm_spirit"
		{
			"AbilityUltimateQuickCast"
			{
				"Key"		"R"
				"Mode"		"0"
			}
			"AbilityUltimateAutoCastAlternate2"
			{
				"Key"		"r"
				"Modifier"		"ALT"
				"Mode"		"0"
			}
			"AbilityPrimary1"
			{
				"Key"		"Q"
				"Mode"		"0"
			}
			"AbilityPrimary1AutoCast"
			{
				"Key"		"q"
				"Modifier"		"ALT"
				"Mode"		"0"
			}
			"AbilityPrimary2"
			{
				"Key"		"W"
				"Mode"		"0"
			}
			"AbilityPrimary2AutoCast"
			{
				"Key"		"w"
				"Modifier"		"ALT"
				"Mode"		"0"
			}
			"AbilityPrimary3"
			{
				"Key"		"E"
				"Mode"		"0"
			}
			"AbilityPrimary3AutoCast"
			{
				"Key"		"e"
				"Modifier"		"ALT"
				"Mode"		"0"
			}
			"AbilitySecondary1"
			{
				"Key"		"D"
				"Mode"		"0"
			}
			"AbilitySecondary1AutoCast"
			{
				"Key"		"d"
				"Modifier"		"ALT"
				"Mode"		"0"
			}
			"AbilitySecondary2"
			{
				"Key"		"F"
				"Mode"		"0"
			}
			"AbilitySecondary2AutoCast"
			{
				"Key"		"f"
				"Modifier"		"ALT"
				"Mode"		"0"
			}
		}
		"npc_dota_hero_tinker"
		{
			"AbilityPrimary3QuickCast"
			{
				"Mode"		"0"
			}
			"AbilityPrimary3AutoCastAlternate2"
			{
				"Mode"		"0"
			}
			"AbilityPrimary1"
			{
				"Key"		"Q"
				"Mode"		"0"
			}
			"AbilityPrimary1AutoCast"
			{
				"Key"		"q"
				"Modifier"		"ALT"
				"Mode"		"0"
			}
			"AbilityPrimary2"
			{
				"Key"		"W"
				"Mode"		"0"
			}
			"AbilityPrimary2AutoCast"
			{
				"Key"		"w"
				"Modifier"		"ALT"
				"Mode"		"0"
			}
			"AbilitySecondary1"
			{
				"Mode"		"0"
				"Key"		"D"
				"Modifier"		"ALT"
			}
			"AbilitySecondary1AutoCast"
			{
				"Mode"		"0"
			}
			"AbilitySecondary2"
			{
				"Key"		"F"
				"Mode"		"0"
			}
			"AbilitySecondary2AutoCast"
			{
				"Key"		"f"
				"Modifier"		"ALT"
				"Mode"		"0"
			}
			"AbilityUltimate"
			{
				"Key"		"R"
				"Mode"		"0"
			}
			"AbilityUltimateAutoCast"
			{
				"Key"		"r"
				"Modifier"		"ALT"
				"Mode"		"0"
			}
			"AbilityPrimary3"
			{
				"Key"		"E"
				"Mode"		"0"
			}
			"AbilityPrimary3AutoCast"
			{
				"Key"		"e"
				"Modifier"		"ALT"
				"Mode"		"0"
			}
			"AbilitySecondary1QuickCast"
			{
				"Mode"		"0"
			}
			"AbilitySecondary1AutoCastAlternate2"
			{
				"Mode"		"0"
			}
			"AbilitySecondary2QuickCast"
			{
				"Mode"		"0"
			}
			"AbilitySecondary2AutoCastAlternate2"
			{
				"Mode"		"0"
			}
			"AbilityPrimary3AutoCastAlternate"
			{
				"Mode"		"0"
				"Key"		"D"
			}
			"AbilitySecondary1AutoCastAlternate"
			{
				"Mode"		"0"
			}
		}
		"npc_dota_hero_void_spirit"
		{
			"AbilityPrimary1QuickCast"
			{
				"Key"		"Q"
				"Mode"		"0"
			}
			"AbilityPrimary1AutoCastAlternate2"
			{
				"Key"		"q"
				"Modifier"		"ALT"
				"Mode"		"0"
			}
			"AbilityUltimateQuickCast"
			{
				"Key"		"R"
				"Mode"		"0"
			}
			"AbilityUltimateAutoCastAlternate2"
			{
				"Key"		"r"
				"Modifier"		"ALT"
				"Mode"		"0"
			}
			"AbilityPrimary2"
			{
				"Key"		"W"
				"Mode"		"0"
			}
			"AbilityPrimary2AutoCast"
			{
				"Key"		"w"
				"Modifier"		"ALT"
				"Mode"		"0"
			}
			"AbilityPrimary3"
			{
				"Key"		"E"
				"Mode"		"0"
			}
			"AbilityPrimary3AutoCast"
			{
				"Key"		"e"
				"Modifier"		"ALT"
				"Mode"		"0"
			}
			"AbilitySecondary1"
			{
				"Key"		"D"
				"Mode"		"0"
			}
			"AbilitySecondary1AutoCast"
			{
				"Key"		"d"
				"Modifier"		"ALT"
				"Mode"		"0"
			}
			"AbilitySecondary2"
			{
				"Key"		"F"
				"Mode"		"0"
			}
			"AbilitySecondary2AutoCast"
			{
				"Key"		"f"
				"Modifier"		"ALT"
				"Mode"		"0"
			}
		}
		"npc_dota_hero_warlock"
		{
			"AbilityPrimary2AutoCastAlternate"
			{
				"Key"		"D"
				"Mode"		"0"
			}
			"AbilityPrimary1"
			{
				"Key"		"Q"
				"Mode"		"0"
			}
			"AbilityPrimary1AutoCast"
			{
				"Key"		"q"
				"Modifier"		"ALT"
				"Mode"		"0"
			}
			"AbilityPrimary3"
			{
				"Key"		"E"
				"Mode"		"0"
			}
			"AbilityPrimary3AutoCast"
			{
				"Key"		"e"
				"Modifier"		"ALT"
				"Mode"		"0"
			}
			"AbilitySecondary1"
			{
				"Mode"		"0"
			}
			"AbilitySecondary1AutoCast"
			{
				"Mode"		"0"
			}
			"AbilitySecondary2"
			{
				"Key"		"F"
				"Mode"		"0"
			}
			"AbilitySecondary2AutoCast"
			{
				"Key"		"f"
				"Modifier"		"ALT"
				"Mode"		"0"
			}
			"AbilityUltimate"
			{
				"Key"		"R"
				"Mode"		"0"
			}
			"AbilityUltimateAutoCast"
			{
				"Key"		"r"
				"Modifier"		"ALT"
				"Mode"		"0"
			}
			"AbilityPrimary2"
			{
				"Key"		"W"
				"Mode"		"0"
			}
			"AbilityPrimary2AutoCast"
			{
				"Key"		"w"
				"Modifier"		"ALT"
				"Mode"		"0"
			}
		}
		"npc_dota_hero_windrunner"
		{
			"AbilityPrimary2QuickCast"
			{
				"Key"		"W"
				"Mode"		"0"
			}
			"AbilityPrimary2AutoCastAlternate2"
			{
				"Key"		"w"
				"Modifier"		"ALT"
				"Mode"		"0"
			}
			"AbilityPrimary1"
			{
				"Key"		"Q"
				"Mode"		"0"
			}
			"AbilityPrimary1AutoCast"
			{
				"Key"		"q"
				"Modifier"		"ALT"
				"Mode"		"0"
			}
			"AbilityPrimary3"
			{
				"Key"		"E"
				"Mode"		"0"
			}
			"AbilityPrimary3AutoCast"
			{
				"Key"		"e"
				"Modifier"		"ALT"
				"Mode"		"0"
			}
			"AbilitySecondary1"
			{
				"Mode"		"0"
			}
			"AbilitySecondary1AutoCast"
			{
				"Mode"		"0"
			}
			"AbilitySecondary2"
			{
				"Key"		"F"
				"Mode"		"0"
			}
			"AbilitySecondary2AutoCast"
			{
				"Key"		"f"
				"Modifier"		"ALT"
				"Mode"		"0"
			}
			"AbilityUltimate"
			{
				"Key"		"R"
				"Mode"		"0"
			}
			"AbilityUltimateAutoCast"
			{
				"Key"		"r"
				"Modifier"		"ALT"
				"Mode"		"0"
			}
			"AbilitySecondary1QuickCast"
			{
				"Key"		"D"
				"Mode"		"0"
			}
			"AbilitySecondary1AutoCastAlternate2"
			{
				"Key"		"d"
				"Modifier"		"ALT"
				"Mode"		"0"
			}
		}
		"npc_dota_hero_winter_wyvern"
		{
			"AbilityPrimary3AutoCastAlternate"
			{
				"Mode"		"0"
				"Key"		"D"
			}
			"AbilityPrimary2QuickCast"
			{
				"Key"		"W"
				"Mode"		"0"
			}
			"AbilityPrimary2AutoCastAlternate2"
			{
				"Key"		"w"
				"Modifier"		"ALT"
				"Mode"		"0"
			}
			"AbilityPrimary1"
			{
				"Key"		"Q"
				"Mode"		"0"
			}
			"AbilityPrimary1AutoCast"
			{
				"Key"		"q"
				"Modifier"		"ALT"
				"Mode"		"0"
			}
			"AbilityPrimary3"
			{
				"Key"		"E"
				"Mode"		"0"
			}
			"AbilityPrimary3AutoCast"
			{
				"Key"		"e"
				"Modifier"		"ALT"
				"Mode"		"0"
			}
			"AbilitySecondary1"
			{
				"Key"		"F"
				"Mode"		"0"
			}
			"AbilitySecondary1AutoCast"
			{
				"Key"		"f"
				"Modifier"		"ALT"
				"Mode"		"0"
			}
			"AbilitySecondary2"
			{
				"Mode"		"0"
			}
			"AbilitySecondary2AutoCast"
			{
				"Mode"		"0"
			}
			"AbilityPrimary2AutoCastAlternate"
			{
				"Mode"		"0"
			}
			"AbilityUltimate"
			{
				"Key"		"R"
				"Mode"		"0"
			}
			"AbilityUltimateAutoCast"
			{
				"Key"		"r"
				"Modifier"		"ALT"
				"Mode"		"0"
			}
		}
		"npc_dota_hero_brewmaster"
		{
			"AbilityPrimary2QuickCast"
			{
				"Key"		"W"
				"Mode"		"0"
			}
			"AbilityPrimary2AutoCastAlternate2"
			{
				"Key"		"w"
				"Modifier"		"ALT"
				"Mode"		"0"
			}
			"AbilityPrimary1"
			{
				"Key"		"Q"
				"Mode"		"0"
			}
			"AbilityPrimary1AutoCast"
			{
				"Key"		"q"
				"Modifier"		"ALT"
				"Mode"		"0"
			}
			"AbilityPrimary3"
			{
				"Key"		"E"
				"Mode"		"0"
			}
			"AbilityPrimary3AutoCast"
			{
				"Key"		"e"
				"Modifier"		"ALT"
				"Mode"		"0"
			}
			"AbilitySecondary1"
			{
				"Key"		"D"
				"Mode"		"0"
			}
			"AbilitySecondary1AutoCast"
			{
				"Key"		"d"
				"Modifier"		"ALT"
				"Mode"		"0"
			}
			"AbilitySecondary2"
			{
				"Key"		"F"
				"Mode"		"0"
			}
			"AbilitySecondary2AutoCast"
			{
				"Key"		"f"
				"Modifier"		"ALT"
				"Mode"		"0"
			}
			"AbilityUltimate"
			{
				"Key"		"R"
				"Mode"		"0"
			}
			"AbilityUltimateAutoCast"
			{
				"Key"		"r"
				"Modifier"		"ALT"
				"Mode"		"0"
			}
		}
		"npc_dota_hero_sand_king"
		{
			"AbilityPrimary1"
			{
				"Mode"		"0"
				"Key"		"Q"
			}
			"AbilityPrimary3"
			{
				"Key"		"E"
				"Mode"		"0"
			}
			"AbilityPrimary3AutoCast"
			{
				"Key"		"e"
				"Modifier"		"ALT"
				"Mode"		"0"
			}
			"AbilityUltimate"
			{
				"Key"		"R"
				"Mode"		"0"
			}
			"AbilityUltimateAutoCast"
			{
				"Key"		"r"
				"Modifier"		"ALT"
				"Mode"		"0"
			}
			"AbilityPrimary1QuickCast"
			{
				"Mode"		"0"
			}
			"AbilityPrimary1AutoCastAlternate2"
			{
				"Mode"		"0"
			}
			"AbilityPrimary1AutoCast"
			{
				"Mode"		"0"
				"Key"		"q"
				"Modifier"		"ALT"
			}
			"AbilityPrimary2"
			{
				"Key"		"W"
				"Mode"		"0"
			}
			"AbilityPrimary2AutoCast"
			{
				"Key"		"w"
				"Modifier"		"ALT"
				"Mode"		"0"
			}
		}
		"npc_dota_hero_treant"
		{
			"AbilityPrimary1QuickCast"
			{
				"Key"		"Q"
				"Mode"		"0"
			}
			"AbilityPrimary1AutoCastAlternate2"
			{
				"Key"		"q"
				"Modifier"		"ALT"
				"Mode"		"0"
			}
			"AbilityPrimary2"
			{
				"Key"		"W"
				"Mode"		"0"
			}
			"AbilityPrimary2AutoCast"
			{
				"Key"		"w"
				"Modifier"		"ALT"
				"Mode"		"0"
			}
			"AbilityPrimary3"
			{
				"Key"		"E"
				"Mode"		"0"
			}
			"AbilityPrimary3AutoCast"
			{
				"Key"		"e"
				"Modifier"		"ALT"
				"Mode"		"0"
			}
			"AbilitySecondary1"
			{
				"Key"		"D"
				"Mode"		"0"
			}
			"AbilitySecondary1AutoCast"
			{
				"Key"		"d"
				"Modifier"		"ALT"
				"Mode"		"0"
			}
			"AbilitySecondary2"
			{
				"Key"		"F"
				"Mode"		"0"
			}
			"AbilitySecondary2AutoCast"
			{
				"Key"		"f"
				"Modifier"		"ALT"
				"Mode"		"0"
			}
			"AbilityUltimate"
			{
				"Key"		"R"
				"Mode"		"0"
			}
			"AbilityUltimateAutoCast"
			{
				"Key"		"r"
				"Modifier"		"ALT"
				"Mode"		"0"
			}
		}
		"npc_dota_hero_witch_doctor"
		{
			"AbilityUltimateQuickCast"
			{
				"Key"		"R"
				"Mode"		"0"
			}
			"AbilityUltimateAutoCastAlternate2"
			{
				"Key"		"r"
				"Modifier"		"ALT"
				"Mode"		"0"
			}
			"AbilityPrimary1"
			{
				"Key"		"Q"
				"Mode"		"0"
			}
			"AbilityPrimary1AutoCast"
			{
				"Key"		"q"
				"Modifier"		"ALT"
				"Mode"		"0"
			}
			"AbilityPrimary2"
			{
				"Key"		"W"
				"Mode"		"0"
			}
			"AbilityPrimary2AutoCast"
			{
				"Key"		"w"
				"Modifier"		"ALT"
				"Mode"		"0"
			}
			"AbilityPrimary3"
			{
				"Key"		"E"
				"Mode"		"0"
			}
			"AbilityPrimary3AutoCast"
			{
				"Key"		"e"
				"Modifier"		"ALT"
				"Mode"		"0"
			}
			"AbilitySecondary1"
			{
				"Key"		"D"
				"Mode"		"0"
			}
			"AbilitySecondary1AutoCast"
			{
				"Key"		"d"
				"Modifier"		"ALT"
				"Mode"		"0"
			}
			"AbilitySecondary2"
			{
				"Key"		"F"
				"Mode"		"0"
			}
			"AbilitySecondary2AutoCast"
			{
				"Key"		"f"
				"Modifier"		"ALT"
				"Mode"		"0"
			}
		}
		"npc_dota_hero_dragon_knight"
		{
			"AbilityPrimary1QuickCast"
			{
				"Key"		"Q"
				"Mode"		"0"
			}
			"AbilityPrimary1AutoCastAlternate2"
			{
				"Key"		"q"
				"Modifier"		"ALT"
				"Mode"		"0"
			}
			"AbilityPrimary2"
			{
				"Key"		"W"
				"Mode"		"0"
			}
			"AbilityPrimary2AutoCast"
			{
				"Key"		"w"
				"Modifier"		"ALT"
				"Mode"		"0"
			}
			"AbilityPrimary3"
			{
				"Key"		"E"
				"Mode"		"0"
			}
			"AbilityPrimary3AutoCast"
			{
				"Key"		"e"
				"Modifier"		"ALT"
				"Mode"		"0"
			}
			"AbilitySecondary1"
			{
				"Key"		"D"
				"Mode"		"0"
			}
			"AbilitySecondary1AutoCast"
			{
				"Key"		"d"
				"Modifier"		"ALT"
				"Mode"		"0"
			}
			"AbilitySecondary2"
			{
				"Key"		"F"
				"Mode"		"0"
			}
			"AbilitySecondary2AutoCast"
			{
				"Key"		"f"
				"Modifier"		"ALT"
				"Mode"		"0"
			}
			"AbilityUltimate"
			{
				"Key"		"R"
				"Mode"		"0"
			}
			"AbilityUltimateAutoCast"
			{
				"Key"		"r"
				"Modifier"		"ALT"
				"Mode"		"0"
			}
		}
		"npc_dota_hero_zuus"
		{
			"AbilityPrimary1"
			{
				"Key"		"Q"
				"Mode"		"0"
			}
			"AbilityPrimary1AutoCast"
			{
				"Key"		"q"
				"Modifier"		"ALT"
				"Mode"		"0"
			}
			"AbilityPrimary2"
			{
				"Key"		"W"
				"Mode"		"0"
			}
			"AbilityPrimary2AutoCast"
			{
				"Key"		"w"
				"Modifier"		"ALT"
				"Mode"		"0"
			}
			"AbilityPrimary3"
			{
				"Key"		"E"
				"Mode"		"0"
			}
			"AbilityPrimary3AutoCast"
			{
				"Key"		"e"
				"Modifier"		"ALT"
				"Mode"		"0"
			}
			"AbilitySecondary1"
			{
				"Key"		"D"
				"Mode"		"0"
			}
			"AbilitySecondary1AutoCast"
			{
				"Key"		"d"
				"Modifier"		"ALT"
				"Mode"		"0"
			}
			"AbilitySecondary2"
			{
				"Key"		"F"
				"Mode"		"0"
			}
			"AbilitySecondary2AutoCast"
			{
				"Key"		"f"
				"Modifier"		"ALT"
				"Mode"		"0"
			}
			"AbilityUltimate"
			{
				"Key"		"R"
				"Mode"		"0"
			}
			"AbilityUltimateAutoCast"
			{
				"Key"		"r"
				"Modifier"		"ALT"
				"Mode"		"0"
			}
		}
		"npc_dota_hero_hoodwink"
		{
			"AbilityPrimary1"
			{
				"Key"		"Q"
				"Mode"		"0"
			}
			"AbilityPrimary1AutoCast"
			{
				"Key"		"q"
				"Modifier"		"ALT"
				"Mode"		"0"
			}
			"AbilityPrimary2"
			{
				"Key"		"W"
				"Mode"		"0"
			}
			"AbilityPrimary2AutoCast"
			{
				"Key"		"w"
				"Modifier"		"ALT"
				"Mode"		"0"
			}
			"AbilityPrimary3"
			{
				"Key"		"E"
				"Mode"		"0"
			}
			"AbilityPrimary3AutoCast"
			{
				"Key"		"e"
				"Modifier"		"ALT"
				"Mode"		"0"
			}
			"AbilitySecondary1"
			{
				"Key"		"D"
				"Mode"		"0"
			}
			"AbilitySecondary1AutoCast"
			{
				"Key"		"d"
				"Modifier"		"ALT"
				"Mode"		"0"
			}
			"AbilitySecondary2"
			{
				"Key"		"F"
				"Mode"		"0"
			}
			"AbilitySecondary2AutoCast"
			{
				"Key"		"f"
				"Modifier"		"ALT"
				"Mode"		"0"
			}
			"AbilityUltimateQuickCast"
			{
				"Key"		"R"
				"Mode"		"0"
			}
			"AbilityUltimateAutoCastAlternate2"
			{
				"Key"		"r"
				"Modifier"		"ALT"
				"Mode"		"0"
			}
		}
		"npc_dota_hero_dawnbreaker"
		{
			"AbilityPrimary1QuickCast"
			{
				"Mode"		"0"
				"Key"		"Q"
			}
			"AbilityPrimary1AutoCastAlternate2"
			{
				"Mode"		"0"
				"Key"		"q"
				"Modifier"		"ALT"
			}
			"AbilityPrimary2QuickCast"
			{
				"Key"		"W"
				"Mode"		"0"
			}
			"AbilityPrimary2AutoCastAlternate2"
			{
				"Key"		"w"
				"Modifier"		"ALT"
				"Mode"		"0"
			}
			"AbilityPrimary3"
			{
				"Key"		"E"
				"Mode"		"0"
			}
			"AbilityPrimary3AutoCast"
			{
				"Key"		"e"
				"Modifier"		"ALT"
				"Mode"		"0"
			}
			"AbilitySecondary1"
			{
				"Key"		"D"
				"Mode"		"0"
			}
			"AbilitySecondary1AutoCast"
			{
				"Key"		"d"
				"Modifier"		"ALT"
				"Mode"		"0"
			}
			"AbilitySecondary2"
			{
				"Key"		"F"
				"Mode"		"0"
			}
			"AbilitySecondary2AutoCast"
			{
				"Key"		"f"
				"Modifier"		"ALT"
				"Mode"		"0"
			}
			"AbilityUltimate"
			{
				"Key"		"R"
				"Mode"		"0"
			}
			"AbilityUltimateAutoCast"
			{
				"Key"		"r"
				"Modifier"		"ALT"
				"Mode"		"0"
			}
			"AbilityPrimary1"
			{
				"Mode"		"0"
			}
			"AbilityPrimary1AutoCast"
			{
				"Mode"		"0"
			}
		}
		"npc_dota_hero_bounty_hunter"
		{
			"AbilityPrimary2AutoCastAlternate"
			{
				"Key"		"D"
				"Mode"		"0"
			}
			"AbilityPrimary1"
			{
				"Key"		"Q"
				"Mode"		"0"
			}
			"AbilityPrimary1AutoCast"
			{
				"Key"		"q"
				"Modifier"		"ALT"
				"Mode"		"0"
			}
			"AbilityPrimary3"
			{
				"Key"		"E"
				"Mode"		"0"
			}
			"AbilityPrimary3AutoCast"
			{
				"Key"		"e"
				"Modifier"		"ALT"
				"Mode"		"0"
			}
			"AbilitySecondary2"
			{
				"Key"		"F"
				"Mode"		"0"
			}
			"AbilitySecondary2AutoCast"
			{
				"Key"		"f"
				"Modifier"		"ALT"
				"Mode"		"0"
			}
			"AbilityUltimate"
			{
				"Key"		"R"
				"Mode"		"0"
			}
			"AbilityUltimateAutoCast"
			{
				"Key"		"r"
				"Modifier"		"ALT"
				"Mode"		"0"
			}
			"AbilityPrimary2"
			{
				"Key"		"W"
				"Mode"		"0"
			}
			"AbilityPrimary2AutoCast"
			{
				"Key"		"w"
				"Modifier"		"ALT"
				"Mode"		"0"
			}
		}
		"npc_dota_hero_marci"
		{
			"AbilityPrimary1"
			{
				"Key"		"Q"
				"Mode"		"0"
			}
			"AbilityPrimary1AutoCast"
			{
				"Key"		"q"
				"Modifier"		"ALT"
				"Mode"		"0"
			}
			"AbilityPrimary2QuickCast"
			{
				"Key"		"W"
				"Mode"		"0"
			}
			"AbilityPrimary2AutoCastAlternate2"
			{
				"Key"		"w"
				"Modifier"		"ALT"
				"Mode"		"0"
			}
			"AbilityPrimary3AutoCastAlternate"
			{
				"Key"		"F"
				"Mode"		"0"
			}
			"AbilityPrimary3"
			{
				"Key"		"E"
				"Mode"		"0"
			}
			"AbilityPrimary3AutoCast"
			{
				"Key"		"e"
				"Modifier"		"ALT"
				"Mode"		"0"
			}
			"AbilitySecondary2"
			{
				"Mode"		"0"
			}
			"AbilitySecondary2AutoCast"
			{
				"Mode"		"0"
			}
			"AbilityUltimate"
			{
				"Key"		"R"
				"Mode"		"0"
			}
			"AbilityUltimateAutoCast"
			{
				"Key"		"r"
				"Modifier"		"ALT"
				"Mode"		"0"
			}
			"AbilityPrimary2AutoCastAlternate"
			{
				"Key"		"D"
				"Mode"		"0"
			}
		}
		"npc_dota_hero_primal_beast"
		{
			"AbilityPrimary1QuickCast"
			{
				"Key"		"Q"
				"Mode"		"0"
			}
			"AbilityPrimary1AutoCastAlternate2"
			{
				"Key"		"q"
				"Modifier"		"ALT"
				"Mode"		"0"
			}
			"AbilityPrimary2"
			{
				"Key"		"W"
				"Mode"		"0"
			}
			"AbilityPrimary2AutoCast"
			{
				"Key"		"w"
				"Modifier"		"ALT"
				"Mode"		"0"
			}
			"AbilityPrimary3"
			{
				"Key"		"E"
				"Mode"		"0"
			}
			"AbilityPrimary3AutoCast"
			{
				"Key"		"e"
				"Modifier"		"ALT"
				"Mode"		"0"
			}
			"AbilitySecondary1"
			{
				"Key"		"D"
				"Mode"		"0"
			}
			"AbilitySecondary1AutoCast"
			{
				"Key"		"d"
				"Modifier"		"ALT"
				"Mode"		"0"
			}
			"AbilitySecondary2"
			{
				"Key"		"F"
				"Mode"		"0"
			}
			"AbilitySecondary2AutoCast"
			{
				"Key"		"f"
				"Modifier"		"ALT"
				"Mode"		"0"
			}
			"AbilityUltimate"
			{
				"Key"		"R"
				"Mode"		"0"
			}
			"AbilityUltimateAutoCast"
			{
				"Key"		"r"
				"Modifier"		"ALT"
				"Mode"		"0"
			}
		}
		"npc_dota_hero_techies"
		{
			"AbilityPrimary3QuickCast"
			{
				"Mode"		"0"
			}
			"AbilityPrimary3AutoCastAlternate2"
			{
				"Mode"		"0"
			}
			"AbilityUltimateQuickCast"
			{
				"Key"		"R"
				"Mode"		"0"
			}
			"AbilityUltimateAutoCastAlternate2"
			{
				"Key"		"r"
				"Modifier"		"ALT"
				"Mode"		"0"
			}
			"AbilitySecondary1"
			{
				"Key"		"D"
				"Mode"		"0"
			}
			"AbilitySecondary1AutoCast"
			{
				"Key"		"d"
				"Modifier"		"ALT"
				"Mode"		"0"
			}
			"AbilitySecondary2"
			{
				"Key"		"F"
				"Mode"		"0"
			}
			"AbilitySecondary2AutoCast"
			{
				"Key"		"f"
				"Modifier"		"ALT"
				"Mode"		"0"
			}
			"AbilityPrimary2"
			{
				"Key"		"W"
				"Mode"		"0"
			}
			"AbilityPrimary2AutoCast"
			{
				"Key"		"w"
				"Modifier"		"ALT"
				"Mode"		"0"
			}
			"AbilityPrimary1"
			{
				"Mode"		"0"
			}
			"AbilityPrimary1AutoCast"
			{
				"Mode"		"0"
			}
			"AbilityPrimary1QuickCast"
			{
				"Key"		"Q"
				"Mode"		"0"
			}
			"AbilityPrimary1AutoCastAlternate2"
			{
				"Key"		"q"
				"Modifier"		"ALT"
				"Mode"		"0"
			}
			"AbilityPrimary3"
			{
				"Key"		"E"
				"Mode"		"0"
			}
			"AbilityPrimary3AutoCast"
			{
				"Key"		"e"
				"Modifier"		"ALT"
				"Mode"		"0"
			}
		}
		"npc_dota_hero_abyssal_underlord"
		{
			"AbilityPrimary1AutoCastAlternate"
			{
				"Key"		"D"
				"Mode"		"0"
			}
			"AbilityPrimary1"
			{
				"Key"		"Q"
				"Mode"		"0"
			}
			"AbilityPrimary1AutoCast"
			{
				"Key"		"q"
				"Modifier"		"ALT"
				"Mode"		"0"
			}
			"AbilityPrimary2"
			{
				"Key"		"W"
				"Mode"		"0"
			}
			"AbilityPrimary2AutoCast"
			{
				"Key"		"w"
				"Modifier"		"ALT"
				"Mode"		"0"
			}
			"AbilityPrimary3"
			{
				"Key"		"E"
				"Mode"		"0"
			}
			"AbilityPrimary3AutoCast"
			{
				"Key"		"e"
				"Modifier"		"ALT"
				"Mode"		"0"
			}
			"AbilitySecondary2"
			{
				"Key"		"F"
				"Mode"		"0"
			}
			"AbilitySecondary2AutoCast"
			{
				"Key"		"f"
				"Modifier"		"ALT"
				"Mode"		"0"
			}
			"AbilityUltimate"
			{
				"Key"		"R"
				"Mode"		"0"
			}
			"AbilityUltimateAutoCast"
			{
				"Key"		"r"
				"Modifier"		"ALT"
				"Mode"		"0"
			}
		}
		"npc_dota_hero_doom_bringer"
		{
			"AbilityPrimary3AutoCastAlternate"
			{
				"Mode"		"0"
				"Key"		"D"
				"Modifier"		"ALT"
			}
			"AbilityPrimary3"
			{
				"Key"		"E"
				"Mode"		"0"
			}
			"AbilityPrimary3AutoCast"
			{
				"Key"		"e"
				"Modifier"		"ALT"
				"Mode"		"0"
			}
			"AbilityPrimary1"
			{
				"Key"		"Q"
				"Mode"		"0"
			}
			"AbilityPrimary1AutoCast"
			{
				"Key"		"q"
				"Modifier"		"ALT"
				"Mode"		"0"
			}
			"AbilityPrimary2"
			{
				"Key"		"W"
				"Mode"		"0"
			}
			"AbilityPrimary2AutoCast"
			{
				"Key"		"w"
				"Modifier"		"ALT"
				"Mode"		"0"
			}
			"AbilitySecondary1"
			{
				"Key"		"D"
				"Mode"		"0"
			}
			"AbilitySecondary1AutoCast"
			{
				"Key"		"d"
				"Modifier"		"ALT"
				"Mode"		"0"
			}
			"AbilitySecondary2"
			{
				"Key"		"F"
				"Mode"		"0"
			}
			"AbilitySecondary2AutoCast"
			{
				"Key"		"f"
				"Modifier"		"ALT"
				"Mode"		"0"
			}
			"AbilityUltimate"
			{
				"Key"		"R"
				"Mode"		"0"
			}
			"AbilityUltimateAutoCast"
			{
				"Key"		"r"
				"Modifier"		"ALT"
				"Mode"		"0"
			}
		}
		"npc_dota_hero_tidehunter"
		{
			"AbilityPrimary1"
			{
				"Key"		"Q"
				"Mode"		"0"
			}
			"AbilityPrimary1AutoCast"
			{
				"Key"		"q"
				"Modifier"		"ALT"
				"Mode"		"0"
			}
			"AbilityPrimary2"
			{
				"Key"		"W"
				"Mode"		"0"
			}
			"AbilityPrimary2AutoCast"
			{
				"Key"		"w"
				"Modifier"		"ALT"
				"Mode"		"0"
			}
			"AbilityPrimary3"
			{
				"Key"		"E"
				"Mode"		"0"
			}
			"AbilityPrimary3AutoCast"
			{
				"Key"		"e"
				"Modifier"		"ALT"
				"Mode"		"0"
			}
			"AbilitySecondary1"
			{
				"Mode"		"0"
			}
			"AbilitySecondary1AutoCast"
			{
				"Mode"		"0"
			}
			"AbilitySecondary2"
			{
				"Key"		"F"
				"Mode"		"0"
			}
			"AbilitySecondary2AutoCast"
			{
				"Key"		"f"
				"Modifier"		"ALT"
				"Mode"		"0"
			}
			"AbilityUltimate"
			{
				"Key"		"R"
				"Mode"		"0"
			}
			"AbilityUltimateAutoCast"
			{
				"Key"		"r"
				"Modifier"		"ALT"
				"Mode"		"0"
			}
			"AbilitySecondary1QuickCast"
			{
				"Key"		"D"
				"Mode"		"0"
			}
			"AbilitySecondary1AutoCastAlternate2"
			{
				"Key"		"d"
				"Modifier"		"ALT"
				"Mode"		"0"
			}
		}
	}
}
